This is pdfTeX, Version 3.141592653-2.6-1.40.25 (MiKTeX 24.1) (preloaded format=pdflatex 2025.4.14)  30 MAY 2025 18:12
entering extended mode
 restricted \write18 enabled.
 %&-line parsing enabled.
**"c:/Users/Maxime Muller/Documents/Latex/Phytheme/Electricite/Electricité.tex"
(c:/Users/Maxime Muller/Documents/Latex/Phytheme/Electricite/Electricité.tex
LaTeX2e <2023-11-01> patch level 1
L3 programming layer <2024-01-04>
(C:\Users\Maxime Muller\AppData\Local\Programs\MiKTeX\tex/latex/base\report.cls
Document Class: report 2023/05/17 v1.4n Standard LaTeX document class
(C:\Users\Maxime Muller\AppData\Local\Programs\MiKTeX\tex/latex/base\size10.clo
File: size10.clo 2023/05/17 v1.4n Standard LaTeX file (size option)
)
\c@part=\count187
\c@chapter=\count188
\c@section=\count189
\c@subsection=\count190
\c@subsubsection=\count191
\c@paragraph=\count192
\c@subparagraph=\count193
\c@figure=\count194
\c@table=\count195
\abovecaptionskip=\skip48
\belowcaptionskip=\skip49
\bibindent=\dimen140
) (header.tex (C:\Users\Maxime Muller\AppData\Local\Programs\MiKTeX\tex/latex/base\inputenc.sty
Package: inputenc 2021/02/14 v1.3d Input encoding file
\inpenc@prehook=\toks17
\inpenc@posthook=\toks18
) (C:\Users\Maxime Muller\AppData\Local\Programs\MiKTeX\tex/latex/base\fontenc.sty
Package: fontenc 2021/04/29 v2.0v Standard LaTeX package
) (C:\Users\Maxime Muller\AppData\Local\Programs\MiKTeX\tex/latex/base\textcomp.sty
Package: textcomp 2020/02/02 v2.0n Standard LaTeX package
) (C:\Users\Maxime Muller\AppData\Local\Programs\MiKTeX\tex/latex/url\url.sty
\Urlmuskip=\muskip16
Package: url 2013/09/16  ver 3.4  Verb mode for urls, etc.
) (C:\Users\Maxime Muller\AppData\Local\Programs\MiKTeX\tex/latex/hyperref\hyperref.sty
Package: hyperref 2023-11-26 v7.01g Hypertext links for LaTeX
 (C:\Users\Maxime Muller\AppData\Local\Programs\MiKTeX\tex/generic/iftex\iftex.sty
Package: iftex 2022/02/03 v1.0f TeX engine tests
) (C:\Users\Maxime Muller\AppData\Local\Programs\MiKTeX\tex/generic/infwarerr\infwarerr.sty
Package: infwarerr 2019/12/03 v1.5 Providing info/warning/error messages (HO)
) (C:\Users\Maxime Muller\AppData\Local\Programs\MiKTeX\tex/latex/graphics\keyval.sty
Package: keyval 2022/05/29 v1.15 key=value parser (DPC)
\KV@toks@=\toks19
) (C:\Users\Maxime Muller\AppData\Local\Programs\MiKTeX\tex/latex/kvsetkeys\kvsetkeys.sty
Package: kvsetkeys 2022-10-05 v1.19 Key value parser (HO)
) (C:\Users\Maxime Muller\AppData\Local\Programs\MiKTeX\tex/generic/kvdefinekeys\kvdefinekeys.sty
Package: kvdefinekeys 2019-12-19 v1.6 Define keys (HO)
) (C:\Users\Maxime Muller\AppData\Local\Programs\MiKTeX\tex/generic/pdfescape\pdfescape.sty
Package: pdfescape 2019/12/09 v1.15 Implements pdfTeX's escape features (HO)
 (C:\Users\Maxime Muller\AppData\Local\Programs\MiKTeX\tex/generic/ltxcmds\ltxcmds.sty
Package: ltxcmds 2023-12-04 v1.26 LaTeX kernel commands for general use (HO)
) (C:\Users\Maxime Muller\AppData\Local\Programs\MiKTeX\tex/generic/pdftexcmds\pdftexcmds.sty
Package: pdftexcmds 2020-06-27 v0.33 Utility functions of pdfTeX for LuaTeX (HO)
Package pdftexcmds Info: \pdf@primitive is available.
Package pdftexcmds Info: \pdf@ifprimitive is available.
Package pdftexcmds Info: \pdfdraftmode found.
)) (C:\Users\Maxime Muller\AppData\Local\Programs\MiKTeX\tex/latex/hycolor\hycolor.sty
Package: hycolor 2020-01-27 v1.10 Color options for hyperref/bookmark (HO)
) (C:\Users\Maxime Muller\AppData\Local\Programs\MiKTeX\tex/latex/letltxmacro\letltxmacro.sty
Package: letltxmacro 2019/12/03 v1.6 Let assignment for LaTeX macros (HO)
) (C:\Users\Maxime Muller\AppData\Local\Programs\MiKTeX\tex/latex/auxhook\auxhook.sty
Package: auxhook 2019-12-17 v1.6 Hooks for auxiliary files (HO)
) (C:\Users\Maxime Muller\AppData\Local\Programs\MiKTeX\tex/latex/hyperref\nameref.sty
Package: nameref 2023-11-26 v2.56 Cross-referencing by name of section
 (C:\Users\Maxime Muller\AppData\Local\Programs\MiKTeX\tex/latex/refcount\refcount.sty
Package: refcount 2019/12/15 v3.6 Data extraction from label references (HO)
) (C:\Users\Maxime Muller\AppData\Local\Programs\MiKTeX\tex/generic/gettitlestring\gettitlestring.sty
Package: gettitlestring 2019/12/15 v1.6 Cleanup title references (HO)
 (C:\Users\Maxime Muller\AppData\Local\Programs\MiKTeX\tex/latex/kvoptions\kvoptions.sty
Package: kvoptions 2022-06-15 v3.15 Key value format for package options (HO)
))
\c@section@level=\count196
) (C:\Users\Maxime Muller\AppData\Local\Programs\MiKTeX\tex/latex/etoolbox\etoolbox.sty
Package: etoolbox 2020/10/05 v2.5k e-TeX tools for LaTeX (JAW)
\etb@tempcnta=\count197
)
\@linkdim=\dimen141
\Hy@linkcounter=\count198
\Hy@pagecounter=\count199
 (C:\Users\Maxime Muller\AppData\Local\Programs\MiKTeX\tex/latex/hyperref\pd1enc.def
File: pd1enc.def 2023-11-26 v7.01g Hyperref: PDFDocEncoding definition (HO)
Now handling font encoding PD1 ...
... no UTF-8 mapping file for font encoding PD1
) (C:\Users\Maxime Muller\AppData\Local\Programs\MiKTeX\tex/generic/intcalc\intcalc.sty
Package: intcalc 2019/12/15 v1.3 Expandable calculations with integers (HO)
)
\Hy@SavedSpaceFactor=\count266
 (C:\Users\Maxime Muller\AppData\Local\Programs\MiKTeX\tex/latex/hyperref\puenc.def
File: puenc.def 2023-11-26 v7.01g Hyperref: PDF Unicode definition (HO)
Now handling font encoding PU ...
... no UTF-8 mapping file for font encoding PU
)
Package hyperref Info: Option `colorlinks' set `true' on input line 4064.
Package hyperref Info: Hyper figures OFF on input line 4181.
Package hyperref Info: Link nesting OFF on input line 4186.
Package hyperref Info: Hyper index ON on input line 4189.
Package hyperref Info: Plain pages OFF on input line 4196.
Package hyperref Info: Backreferencing OFF on input line 4201.
Package hyperref Info: Implicit mode ON; LaTeX internals redefined.
Package hyperref Info: Bookmarks ON on input line 4448.
\c@Hy@tempcnt=\count267
LaTeX Info: Redefining \url on input line 4786.
\XeTeXLinkMargin=\dimen142
 (C:\Users\Maxime Muller\AppData\Local\Programs\MiKTeX\tex/generic/bitset\bitset.sty
Package: bitset 2019/12/09 v1.3 Handle bit-vector datatype (HO)
 (C:\Users\Maxime Muller\AppData\Local\Programs\MiKTeX\tex/generic/bigintcalc\bigintcalc.sty
Package: bigintcalc 2019/12/15 v1.5 Expandable calculations on big integers (HO)
))
\Fld@menulength=\count268
\Field@Width=\dimen143
\Fld@charsize=\dimen144
Package hyperref Info: Hyper figures OFF on input line 6065.
Package hyperref Info: Link nesting OFF on input line 6070.
Package hyperref Info: Hyper index ON on input line 6073.
Package hyperref Info: backreferencing OFF on input line 6080.
Package hyperref Info: Link coloring ON on input line 6083.
Package hyperref Info: Link coloring with OCG OFF on input line 6090.
Package hyperref Info: PDF/A mode OFF on input line 6095.
 (C:\Users\Maxime Muller\AppData\Local\Programs\MiKTeX\tex/latex/base\atbegshi-ltx.sty
Package: atbegshi-ltx 2021/01/10 v1.0c Emulation of the original atbegshi
package with kernel methods
)
\Hy@abspage=\count269
\c@Item=\count270
\c@Hfootnote=\count271
)
Package hyperref Info: Driver (autodetected): hpdftex.
 (C:\Users\Maxime Muller\AppData\Local\Programs\MiKTeX\tex/latex/hyperref\hpdftex.def
File: hpdftex.def 2023-11-26 v7.01g Hyperref driver for pdfTeX
 (C:\Users\Maxime Muller\AppData\Local\Programs\MiKTeX\tex/latex/base\atveryend-ltx.sty
Package: atveryend-ltx 2020/08/19 v1.0a Emulation of the original atveryend package
with kernel methods
)
\Fld@listcount=\count272
\c@bookmark@seq@number=\count273
 (C:\Users\Maxime Muller\AppData\Local\Programs\MiKTeX\tex/latex/rerunfilecheck\rerunfilecheck.sty
Package: rerunfilecheck 2022-07-10 v1.10 Rerun checks for auxiliary files (HO)
 (C:\Users\Maxime Muller\AppData\Local\Programs\MiKTeX\tex/generic/uniquecounter\uniquecounter.sty
Package: uniquecounter 2019/12/15 v1.4 Provide unlimited unique counter (HO)
)
Package uniquecounter Info: New unique counter `rerunfilecheck' on input line 285.
)
\Hy@SectionHShift=\skip50
) (C:\Users\Maxime Muller\AppData\Local\Programs\MiKTeX\tex/latex/graphics\graphicx.sty
Package: graphicx 2021/09/16 v1.2d Enhanced LaTeX Graphics (DPC,SPQR)
 (C:\Users\Maxime Muller\AppData\Local\Programs\MiKTeX\tex/latex/graphics\graphics.sty
Package: graphics 2022/03/10 v1.4e Standard LaTeX Graphics (DPC,SPQR)
 (C:\Users\Maxime Muller\AppData\Local\Programs\MiKTeX\tex/latex/graphics\trig.sty
Package: trig 2021/08/11 v1.11 sin cos tan (DPC)
) (C:\Users\Maxime Muller\AppData\Local\Programs\MiKTeX\tex/latex/graphics-cfg\graphics.cfg
File: graphics.cfg 2016/06/04 v1.11 sample graphics configuration
)
Package graphics Info: Driver file: pdftex.def on input line 107.
 (C:\Users\Maxime Muller\AppData\Local\Programs\MiKTeX\tex/latex/graphics-def\pdftex.def
File: pdftex.def 2022/09/22 v1.2b Graphics/color driver for pdftex
))
\Gin@req@height=\dimen145
\Gin@req@width=\dimen146
) (C:\Users\Maxime Muller\AppData\Local\Programs\MiKTeX\tex/latex/float\float.sty
Package: float 2001/11/08 v1.3d Float enhancements (AL)
\c@float@type=\count274
\float@exts=\toks20
\float@box=\box51
\@float@everytoks=\toks21
\@floatcapt=\box52
) (C:\Users\Maxime Muller\AppData\Local\Programs\MiKTeX\tex/latex/booktabs\booktabs.sty
Package: booktabs 2020/01/12 v1.61803398 Publication quality tables
\heavyrulewidth=\dimen147
\lightrulewidth=\dimen148
\cmidrulewidth=\dimen149
\belowrulesep=\dimen150
\belowbottomsep=\dimen151
\aboverulesep=\dimen152
\abovetopsep=\dimen153
\cmidrulesep=\dimen154
\cmidrulekern=\dimen155
\defaultaddspace=\dimen156
\@cmidla=\count275
\@cmidlb=\count276
\@aboverulesep=\dimen157
\@belowrulesep=\dimen158
\@thisruleclass=\count277
\@lastruleclass=\count278
\@thisrulewidth=\dimen159
) (C:\Users\Maxime Muller\AppData\Local\Programs\MiKTeX\tex/latex/emptypage\emptypage.sty
Package: emptypage 2010/05/30 v1.2 Suppress page numbers and headings on empty pages
) (C:\Users\Maxime Muller\AppData\Local\Programs\MiKTeX\tex/latex/caption\subcaption.sty
Package: subcaption 2023/07/28 v1.6b Sub-captions (AR)
 (C:\Users\Maxime Muller\AppData\Local\Programs\MiKTeX\tex/latex/caption\caption.sty
Package: caption 2023/08/05 v3.6o Customizing captions (AR)
 (C:\Users\Maxime Muller\AppData\Local\Programs\MiKTeX\tex/latex/caption\caption3.sty
Package: caption3 2023/07/31 v2.4d caption3 kernel (AR)
\caption@tempdima=\dimen160
\captionmargin=\dimen161
\caption@leftmargin=\dimen162
\caption@rightmargin=\dimen163
\caption@width=\dimen164
\caption@indent=\dimen165
\caption@parindent=\dimen166
\caption@hangindent=\dimen167
Package caption Info: Standard document class detected.
)
\c@caption@flags=\count279
\c@continuedfloat=\count280
Package caption Info: float package is loaded.
Package caption Info: hyperref package is loaded.
)
Package caption Info: New subtype `subfigure' on input line 238.
\c@subfigure=\count281
Package caption Info: New subtype `subtable' on input line 238.
\c@subtable=\count282
) (C:\Users\Maxime Muller\AppData\Local\Programs\MiKTeX\tex/latex/xcolor\xcolor.sty
Package: xcolor 2023/11/15 v3.01 LaTeX color extensions (UK)
 (C:\Users\Maxime Muller\AppData\Local\Programs\MiKTeX\tex/latex/graphics-cfg\color.cfg
File: color.cfg 2016/01/02 v1.6 sample color configuration
)

Package xcolor Warning: Package option `usenames' is obsolete and ignored on input line 266.

Package xcolor Info: Driver file: pdftex.def on input line 274.
(C:\Users\Maxime Muller\AppData\Local\Programs\MiKTeX\tex/latex/graphics\mathcolor.ltx)
Package xcolor Info: Model `cmy' substituted by `cmy0' on input line 1350.
Package xcolor Info: Model `hsb' substituted by `rgb' on input line 1354.
Package xcolor Info: Model `RGB' extended on input line 1366.
Package xcolor Info: Model `HTML' substituted by `rgb' on input line 1368.
Package xcolor Info: Model `Hsb' substituted by `hsb' on input line 1369.
Package xcolor Info: Model `tHsb' substituted by `hsb' on input line 1370.
Package xcolor Info: Model `HSB' substituted by `hsb' on input line 1371.
Package xcolor Info: Model `Gray' substituted by `gray' on input line 1372.
Package xcolor Info: Model `wave' substituted by `hsb' on input line 1373.
) (C:\Users\Maxime Muller\AppData\Local\Programs\MiKTeX\tex/latex/graphics\dvipsnam.def
File: dvipsnam.def 2016/06/17 v3.0m Driver-dependent file (DPC,SPQR)
) (Math.tex (C:\Users\Maxime Muller\AppData\Local\Programs\MiKTeX\tex/latex/tikz-cd\tikz-cd.sty
Package: tikz-cd 2021/05/04 v1.0 Commutative diagrams with TikZ
 (C:\Users\Maxime Muller\AppData\Local\Programs\MiKTeX\tex/latex/pgf/frontendlayer\tikz.sty (C:\Users\Maxime Muller\AppData\Local\Programs\MiKTeX\tex/latex/pgf/basiclayer\pgf.sty (C:\Users\Maxime Muller\AppData\Local\Programs\MiKTeX\tex/latex/pgf/utilities\pgfrcs.sty (C:\Users\Maxime Muller\AppData\Local\Programs\MiKTeX\tex/generic/pgf/utilities\pgfutil-common.tex
\pgfutil@everybye=\toks22
\pgfutil@tempdima=\dimen168
\pgfutil@tempdimb=\dimen169
) (C:\Users\Maxime Muller\AppData\Local\Programs\MiKTeX\tex/generic/pgf/utilities\pgfutil-latex.def
\pgfutil@abb=\box53
) (C:\Users\Maxime Muller\AppData\Local\Programs\MiKTeX\tex/generic/pgf/utilities\pgfrcs.code.tex (C:\Users\Maxime Muller\AppData\Local\Programs\MiKTeX\tex/generic/pgf\pgf.revision.tex)
Package: pgfrcs 2023-01-15 v3.1.10 (3.1.10)
))
Package: pgf 2023-01-15 v3.1.10 (3.1.10)
 (C:\Users\Maxime Muller\AppData\Local\Programs\MiKTeX\tex/latex/pgf/basiclayer\pgfcore.sty (C:\Users\Maxime Muller\AppData\Local\Programs\MiKTeX\tex/latex/pgf/systemlayer\pgfsys.sty (C:\Users\Maxime Muller\AppData\Local\Programs\MiKTeX\tex/generic/pgf/systemlayer\pgfsys.code.tex
Package: pgfsys 2023-01-15 v3.1.10 (3.1.10)
 (C:\Users\Maxime Muller\AppData\Local\Programs\MiKTeX\tex/generic/pgf/utilities\pgfkeys.code.tex
\pgfkeys@pathtoks=\toks23
\pgfkeys@temptoks=\toks24
 (C:\Users\Maxime Muller\AppData\Local\Programs\MiKTeX\tex/generic/pgf/utilities\pgfkeyslibraryfiltered.code.tex
\pgfkeys@tmptoks=\toks25
))
\pgf@x=\dimen170
\pgf@y=\dimen171
\pgf@xa=\dimen172
\pgf@ya=\dimen173
\pgf@xb=\dimen174
\pgf@yb=\dimen175
\pgf@xc=\dimen176
\pgf@yc=\dimen177
\pgf@xd=\dimen178
\pgf@yd=\dimen179
\w@pgf@writea=\write3
\r@pgf@reada=\read2
\c@pgf@counta=\count283
\c@pgf@countb=\count284
\c@pgf@countc=\count285
\c@pgf@countd=\count286
\t@pgf@toka=\toks26
\t@pgf@tokb=\toks27
\t@pgf@tokc=\toks28
\pgf@sys@id@count=\count287
 (C:\Users\Maxime Muller\AppData\Local\Programs\MiKTeX\tex/generic/pgf/systemlayer\pgf.cfg
File: pgf.cfg 2023-01-15 v3.1.10 (3.1.10)
)
Driver file for pgf: pgfsys-pdftex.def
 (C:\Users\Maxime Muller\AppData\Local\Programs\MiKTeX\tex/generic/pgf/systemlayer\pgfsys-pdftex.def
File: pgfsys-pdftex.def 2023-01-15 v3.1.10 (3.1.10)
 (C:\Users\Maxime Muller\AppData\Local\Programs\MiKTeX\tex/generic/pgf/systemlayer\pgfsys-common-pdf.def
File: pgfsys-common-pdf.def 2023-01-15 v3.1.10 (3.1.10)
))) (C:\Users\Maxime Muller\AppData\Local\Programs\MiKTeX\tex/generic/pgf/systemlayer\pgfsyssoftpath.code.tex
File: pgfsyssoftpath.code.tex 2023-01-15 v3.1.10 (3.1.10)
\pgfsyssoftpath@smallbuffer@items=\count288
\pgfsyssoftpath@bigbuffer@items=\count289
) (C:\Users\Maxime Muller\AppData\Local\Programs\MiKTeX\tex/generic/pgf/systemlayer\pgfsysprotocol.code.tex
File: pgfsysprotocol.code.tex 2023-01-15 v3.1.10 (3.1.10)
)) (C:\Users\Maxime Muller\AppData\Local\Programs\MiKTeX\tex/generic/pgf/basiclayer\pgfcore.code.tex
Package: pgfcore 2023-01-15 v3.1.10 (3.1.10)
 (C:\Users\Maxime Muller\AppData\Local\Programs\MiKTeX\tex/generic/pgf/math\pgfmath.code.tex (C:\Users\Maxime Muller\AppData\Local\Programs\MiKTeX\tex/generic/pgf/math\pgfmathutil.code.tex) (C:\Users\Maxime Muller\AppData\Local\Programs\MiKTeX\tex/generic/pgf/math\pgfmathparser.code.tex
\pgfmath@dimen=\dimen180
\pgfmath@count=\count290
\pgfmath@box=\box54
\pgfmath@toks=\toks29
\pgfmath@stack@operand=\toks30
\pgfmath@stack@operation=\toks31
) (C:\Users\Maxime Muller\AppData\Local\Programs\MiKTeX\tex/generic/pgf/math\pgfmathfunctions.code.tex) (C:\Users\Maxime Muller\AppData\Local\Programs\MiKTeX\tex/generic/pgf/math\pgfmathfunctions.basic.code.tex) (C:\Users\Maxime Muller\AppData\Local\Programs\MiKTeX\tex/generic/pgf/math\pgfmathfunctions.trigonometric.code.tex) (C:\Users\Maxime Muller\AppData\Local\Programs\MiKTeX\tex/generic/pgf/math\pgfmathfunctions.random.code.tex) (C:\Users\Maxime Muller\AppData\Local\Programs\MiKTeX\tex/generic/pgf/math\pgfmathfunctions.comparison.code.tex) (C:\Users\Maxime Muller\AppData\Local\Programs\MiKTeX\tex/generic/pgf/math\pgfmathfunctions.base.code.tex) (C:\Users\Maxime Muller\AppData\Local\Programs\MiKTeX\tex/generic/pgf/math\pgfmathfunctions.round.code.tex) (C:\Users\Maxime Muller\AppData\Local\Programs\MiKTeX\tex/generic/pgf/math\pgfmathfunctions.misc.code.tex) (C:\Users\Maxime Muller\AppData\Local\Programs\MiKTeX\tex/generic/pgf/math\pgfmathfunctions.integerarithmetics.code.tex) (C:\Users\Maxime Muller\AppData\Local\Programs\MiKTeX\tex/generic/pgf/math\pgfmathcalc.code.tex) (C:\Users\Maxime Muller\AppData\Local\Programs\MiKTeX\tex/generic/pgf/math\pgfmathfloat.code.tex
\c@pgfmathroundto@lastzeros=\count291
)) (C:\Users\Maxime Muller\AppData\Local\Programs\MiKTeX\tex/generic/pgf/math\pgfint.code.tex) (C:\Users\Maxime Muller\AppData\Local\Programs\MiKTeX\tex/generic/pgf/basiclayer\pgfcorepoints.code.tex
File: pgfcorepoints.code.tex 2023-01-15 v3.1.10 (3.1.10)
\pgf@picminx=\dimen181
\pgf@picmaxx=\dimen182
\pgf@picminy=\dimen183
\pgf@picmaxy=\dimen184
\pgf@pathminx=\dimen185
\pgf@pathmaxx=\dimen186
\pgf@pathminy=\dimen187
\pgf@pathmaxy=\dimen188
\pgf@xx=\dimen189
\pgf@xy=\dimen190
\pgf@yx=\dimen191
\pgf@yy=\dimen192
\pgf@zx=\dimen193
\pgf@zy=\dimen194
) (C:\Users\Maxime Muller\AppData\Local\Programs\MiKTeX\tex/generic/pgf/basiclayer\pgfcorepathconstruct.code.tex
File: pgfcorepathconstruct.code.tex 2023-01-15 v3.1.10 (3.1.10)
\pgf@path@lastx=\dimen195
\pgf@path@lasty=\dimen196
) (C:\Users\Maxime Muller\AppData\Local\Programs\MiKTeX\tex/generic/pgf/basiclayer\pgfcorepathusage.code.tex
File: pgfcorepathusage.code.tex 2023-01-15 v3.1.10 (3.1.10)
\pgf@shorten@end@additional=\dimen197
\pgf@shorten@start@additional=\dimen198
) (C:\Users\Maxime Muller\AppData\Local\Programs\MiKTeX\tex/generic/pgf/basiclayer\pgfcorescopes.code.tex
File: pgfcorescopes.code.tex 2023-01-15 v3.1.10 (3.1.10)
\pgfpic=\box55
\pgf@hbox=\box56
\pgf@layerbox@main=\box57
\pgf@picture@serial@count=\count292
) (C:\Users\Maxime Muller\AppData\Local\Programs\MiKTeX\tex/generic/pgf/basiclayer\pgfcoregraphicstate.code.tex
File: pgfcoregraphicstate.code.tex 2023-01-15 v3.1.10 (3.1.10)
\pgflinewidth=\dimen199
) (C:\Users\Maxime Muller\AppData\Local\Programs\MiKTeX\tex/generic/pgf/basiclayer\pgfcoretransformations.code.tex
File: pgfcoretransformations.code.tex 2023-01-15 v3.1.10 (3.1.10)
\pgf@pt@x=\dimen256
\pgf@pt@y=\dimen257
\pgf@pt@temp=\dimen258
) (C:\Users\Maxime Muller\AppData\Local\Programs\MiKTeX\tex/generic/pgf/basiclayer\pgfcorequick.code.tex
File: pgfcorequick.code.tex 2023-01-15 v3.1.10 (3.1.10)
) (C:\Users\Maxime Muller\AppData\Local\Programs\MiKTeX\tex/generic/pgf/basiclayer\pgfcoreobjects.code.tex
File: pgfcoreobjects.code.tex 2023-01-15 v3.1.10 (3.1.10)
) (C:\Users\Maxime Muller\AppData\Local\Programs\MiKTeX\tex/generic/pgf/basiclayer\pgfcorepathprocessing.code.tex
File: pgfcorepathprocessing.code.tex 2023-01-15 v3.1.10 (3.1.10)
) (C:\Users\Maxime Muller\AppData\Local\Programs\MiKTeX\tex/generic/pgf/basiclayer\pgfcorearrows.code.tex
File: pgfcorearrows.code.tex 2023-01-15 v3.1.10 (3.1.10)
\pgfarrowsep=\dimen259
) (C:\Users\Maxime Muller\AppData\Local\Programs\MiKTeX\tex/generic/pgf/basiclayer\pgfcoreshade.code.tex
File: pgfcoreshade.code.tex 2023-01-15 v3.1.10 (3.1.10)
\pgf@max=\dimen260
\pgf@sys@shading@range@num=\count293
\pgf@shadingcount=\count294
) (C:\Users\Maxime Muller\AppData\Local\Programs\MiKTeX\tex/generic/pgf/basiclayer\pgfcoreimage.code.tex
File: pgfcoreimage.code.tex 2023-01-15 v3.1.10 (3.1.10)
) (C:\Users\Maxime Muller\AppData\Local\Programs\MiKTeX\tex/generic/pgf/basiclayer\pgfcoreexternal.code.tex
File: pgfcoreexternal.code.tex 2023-01-15 v3.1.10 (3.1.10)
\pgfexternal@startupbox=\box58
) (C:\Users\Maxime Muller\AppData\Local\Programs\MiKTeX\tex/generic/pgf/basiclayer\pgfcorelayers.code.tex
File: pgfcorelayers.code.tex 2023-01-15 v3.1.10 (3.1.10)
) (C:\Users\Maxime Muller\AppData\Local\Programs\MiKTeX\tex/generic/pgf/basiclayer\pgfcoretransparency.code.tex
File: pgfcoretransparency.code.tex 2023-01-15 v3.1.10 (3.1.10)
) (C:\Users\Maxime Muller\AppData\Local\Programs\MiKTeX\tex/generic/pgf/basiclayer\pgfcorepatterns.code.tex
File: pgfcorepatterns.code.tex 2023-01-15 v3.1.10 (3.1.10)
) (C:\Users\Maxime Muller\AppData\Local\Programs\MiKTeX\tex/generic/pgf/basiclayer\pgfcorerdf.code.tex
File: pgfcorerdf.code.tex 2023-01-15 v3.1.10 (3.1.10)
))) (C:\Users\Maxime Muller\AppData\Local\Programs\MiKTeX\tex/generic/pgf/modules\pgfmoduleshapes.code.tex
File: pgfmoduleshapes.code.tex 2023-01-15 v3.1.10 (3.1.10)
\pgfnodeparttextbox=\box59
) (C:\Users\Maxime Muller\AppData\Local\Programs\MiKTeX\tex/generic/pgf/modules\pgfmoduleplot.code.tex
File: pgfmoduleplot.code.tex 2023-01-15 v3.1.10 (3.1.10)
) (C:\Users\Maxime Muller\AppData\Local\Programs\MiKTeX\tex/latex/pgf/compatibility\pgfcomp-version-0-65.sty
Package: pgfcomp-version-0-65 2023-01-15 v3.1.10 (3.1.10)
\pgf@nodesepstart=\dimen261
\pgf@nodesepend=\dimen262
) (C:\Users\Maxime Muller\AppData\Local\Programs\MiKTeX\tex/latex/pgf/compatibility\pgfcomp-version-1-18.sty
Package: pgfcomp-version-1-18 2023-01-15 v3.1.10 (3.1.10)
)) (C:\Users\Maxime Muller\AppData\Local\Programs\MiKTeX\tex/latex/pgf/utilities\pgffor.sty (C:\Users\Maxime Muller\AppData\Local\Programs\MiKTeX\tex/latex/pgf/utilities\pgfkeys.sty (C:\Users\Maxime Muller\AppData\Local\Programs\MiKTeX\tex/generic/pgf/utilities\pgfkeys.code.tex)) (C:\Users\Maxime Muller\AppData\Local\Programs\MiKTeX\tex/latex/pgf/math\pgfmath.sty (C:\Users\Maxime Muller\AppData\Local\Programs\MiKTeX\tex/generic/pgf/math\pgfmath.code.tex)) (C:\Users\Maxime Muller\AppData\Local\Programs\MiKTeX\tex/generic/pgf/utilities\pgffor.code.tex
Package: pgffor 2023-01-15 v3.1.10 (3.1.10)
\pgffor@iter=\dimen263
\pgffor@skip=\dimen264
\pgffor@stack=\toks32
\pgffor@toks=\toks33
)) (C:\Users\Maxime Muller\AppData\Local\Programs\MiKTeX\tex/generic/pgf/frontendlayer/tikz\tikz.code.tex
Package: tikz 2023-01-15 v3.1.10 (3.1.10)
 (C:\Users\Maxime Muller\AppData\Local\Programs\MiKTeX\tex/generic/pgf/libraries\pgflibraryplothandlers.code.tex
File: pgflibraryplothandlers.code.tex 2023-01-15 v3.1.10 (3.1.10)
\pgf@plot@mark@count=\count295
\pgfplotmarksize=\dimen265
)
\tikz@lastx=\dimen266
\tikz@lasty=\dimen267
\tikz@lastxsaved=\dimen268
\tikz@lastysaved=\dimen269
\tikz@lastmovetox=\dimen270
\tikz@lastmovetoy=\dimen271
\tikzleveldistance=\dimen272
\tikzsiblingdistance=\dimen273
\tikz@figbox=\box60
\tikz@figbox@bg=\box61
\tikz@tempbox=\box62
\tikz@tempbox@bg=\box63
\tikztreelevel=\count296
\tikznumberofchildren=\count297
\tikznumberofcurrentchild=\count298
\tikz@fig@count=\count299
 (C:\Users\Maxime Muller\AppData\Local\Programs\MiKTeX\tex/generic/pgf/modules\pgfmodulematrix.code.tex
File: pgfmodulematrix.code.tex 2023-01-15 v3.1.10 (3.1.10)
\pgfmatrixcurrentrow=\count300
\pgfmatrixcurrentcolumn=\count301
\pgf@matrix@numberofcolumns=\count302
)
\tikz@expandcount=\count303
 (C:\Users\Maxime Muller\AppData\Local\Programs\MiKTeX\tex/generic/pgf/frontendlayer/tikz/libraries\tikzlibrarytopaths.code.tex
File: tikzlibrarytopaths.code.tex 2023-01-15 v3.1.10 (3.1.10)
))) (C:\Users\Maxime Muller\AppData\Local\Programs\MiKTeX\tex/latex/tikz-cd\tikzlibrarycd.code.tex (C:\Users\Maxime Muller\AppData\Local\Programs\MiKTeX\tex/generic/pgf/frontendlayer/tikz/libraries\tikzlibrarymatrix.code.tex
File: tikzlibrarymatrix.code.tex 2023-01-15 v3.1.10 (3.1.10)
) (C:\Users\Maxime Muller\AppData\Local\Programs\MiKTeX\tex/generic/pgf/frontendlayer/tikz/libraries\tikzlibraryquotes.code.tex
File: tikzlibraryquotes.code.tex 2023-01-15 v3.1.10 (3.1.10)
) (C:\Users\Maxime Muller\AppData\Local\Programs\MiKTeX\tex/generic/pgf/libraries\pgflibraryarrows.meta.code.tex
File: pgflibraryarrows.meta.code.tex 2023-01-15 v3.1.10 (3.1.10)
\pgfarrowinset=\dimen274
\pgfarrowlength=\dimen275
\pgfarrowwidth=\dimen276
\pgfarrowlinewidth=\dimen277
))) (C:\Users\Maxime Muller\AppData\Local\Programs\MiKTeX\tex/generic/pgf/frontendlayer/tikz/libraries\tikzlibrarycalc.code.tex
File: tikzlibrarycalc.code.tex 2023-01-15 v3.1.10 (3.1.10)
) (C:\Users\Maxime Muller\AppData\Local\Programs\MiKTeX\tex/generic/pgf/frontendlayer/tikz/libraries\tikzlibrarydecorations.pathmorphing.code.tex (C:\Users\Maxime Muller\AppData\Local\Programs\MiKTeX\tex/generic/pgf/frontendlayer/tikz/libraries\tikzlibrarydecorations.code.tex (C:\Users\Maxime Muller\AppData\Local\Programs\MiKTeX\tex/generic/pgf/modules\pgfmoduledecorations.code.tex
\pgfdecoratedcompleteddistance=\dimen278
\pgfdecoratedremainingdistance=\dimen279
\pgfdecoratedinputsegmentcompleteddistance=\dimen280
\pgfdecoratedinputsegmentremainingdistance=\dimen281
\pgf@decorate@distancetomove=\dimen282
\pgf@decorate@repeatstate=\count304
\pgfdecorationsegmentamplitude=\dimen283
\pgfdecorationsegmentlength=\dimen284
)
\tikz@lib@dec@box=\box64
) (C:\Users\Maxime Muller\AppData\Local\Programs\MiKTeX\tex/generic/pgf/libraries/decorations\pgflibrarydecorations.pathmorphing.code.tex)) (C:\Users\Maxime Muller\AppData\Local\Programs\MiKTeX\tex/latex/physics\physics.sty
Package: physics 
 (C:\Users\Maxime Muller\AppData\Local\Programs\MiKTeX\tex/latex/l3packages/xparse\xparse.sty (C:\Users\Maxime Muller\AppData\Local\Programs\MiKTeX\tex/latex/l3kernel\expl3.sty
Package: expl3 2024-01-04 L3 programming layer (loader) 
 (C:\Users\Maxime Muller\AppData\Local\Programs\MiKTeX\tex/latex/l3backend\l3backend-pdftex.def
File: l3backend-pdftex.def 2024-01-04 L3 backend support: PDF output (pdfTeX)
\l__color_backend_stack_int=\count305
\l__pdf_internal_box=\box65
))
Package: xparse 2023-10-10 L3 Experimental document command parser
) (C:\Users\Maxime Muller\AppData\Local\Programs\MiKTeX\tex/latex/amsmath\amsmath.sty
Package: amsmath 2023/05/13 v2.17o AMS math features
\@mathmargin=\skip51

For additional information on amsmath, use the `?' option.
(C:\Users\Maxime Muller\AppData\Local\Programs\MiKTeX\tex/latex/amsmath\amstext.sty
Package: amstext 2021/08/26 v2.01 AMS text
 (C:\Users\Maxime Muller\AppData\Local\Programs\MiKTeX\tex/latex/amsmath\amsgen.sty
File: amsgen.sty 1999/11/30 v2.0 generic functions
\@emptytoks=\toks34
\ex@=\dimen285
)) (C:\Users\Maxime Muller\AppData\Local\Programs\MiKTeX\tex/latex/amsmath\amsbsy.sty
Package: amsbsy 1999/11/29 v1.2d Bold Symbols
\pmbraise@=\dimen286
) (C:\Users\Maxime Muller\AppData\Local\Programs\MiKTeX\tex/latex/amsmath\amsopn.sty
Package: amsopn 2022/04/08 v2.04 operator names
)
\inf@bad=\count306
LaTeX Info: Redefining \frac on input line 234.
\uproot@=\count307
\leftroot@=\count308
LaTeX Info: Redefining \overline on input line 399.
LaTeX Info: Redefining \colon on input line 410.
\classnum@=\count309
\DOTSCASE@=\count310
LaTeX Info: Redefining \ldots on input line 496.
LaTeX Info: Redefining \dots on input line 499.
LaTeX Info: Redefining \cdots on input line 620.
\Mathstrutbox@=\box66
\strutbox@=\box67
LaTeX Info: Redefining \big on input line 722.
LaTeX Info: Redefining \Big on input line 723.
LaTeX Info: Redefining \bigg on input line 724.
LaTeX Info: Redefining \Bigg on input line 725.
\big@size=\dimen287
LaTeX Font Info:    Redeclaring font encoding OML on input line 743.
LaTeX Font Info:    Redeclaring font encoding OMS on input line 744.
\macc@depth=\count311
LaTeX Info: Redefining \bmod on input line 905.
LaTeX Info: Redefining \pmod on input line 910.
LaTeX Info: Redefining \smash on input line 940.
LaTeX Info: Redefining \relbar on input line 970.
LaTeX Info: Redefining \Relbar on input line 971.
\c@MaxMatrixCols=\count312
\dotsspace@=\muskip17
\c@parentequation=\count313
\dspbrk@lvl=\count314
\tag@help=\toks35
\row@=\count315
\column@=\count316
\maxfields@=\count317
\andhelp@=\toks36
\eqnshift@=\dimen288
\alignsep@=\dimen289
\tagshift@=\dimen290
\tagwidth@=\dimen291
\totwidth@=\dimen292
\lineht@=\dimen293
\@envbody=\toks37
\multlinegap=\skip52
\multlinetaggap=\skip53
\mathdisplay@stack=\toks38
LaTeX Info: Redefining \[ on input line 2953.
LaTeX Info: Redefining \] on input line 2954.
)) (C:\Users\Maxime Muller\AppData\Local\Programs\MiKTeX\tex/latex/complexity\complexity.sty
Package: complexity 09/16/17  v0.81a
 (C:\Users\Maxime Muller\AppData\Local\Programs\MiKTeX\tex/latex/base\ifthen.sty
Package: ifthen 2022/04/13 v1.1d Standard LaTeX ifthen package (DPC)
) (C:\Users\Maxime Muller\AppData\Local\Programs\MiKTeX\tex/latex/complexity\mycomplexity.sty)) (C:\Users\Maxime Muller\AppData\Local\Programs\MiKTeX\tex/latex/stmaryrd\stmaryrd.sty
Package: stmaryrd 1994/03/03 St Mary's Road symbol package
\symstmry=\mathgroup4
LaTeX Font Info:    Overwriting symbol font `stmry' in version `bold'
(Font)                  U/stmry/m/n --> U/stmry/b/n on input line 89.
) (C:\Users\Maxime Muller\AppData\Local\Programs\MiKTeX\tex/latex/tools\bm.sty
Package: bm 2023/07/08 v1.2f Bold Symbol Support (DPC/FMi)
\symboldoperators=\mathgroup5
\symboldletters=\mathgroup6
\symboldsymbols=\mathgroup7
Package bm Info: No bold for \OMX/cmex/m/n, using \pmb.
\symboldstmry=\mathgroup8
LaTeX Font Info:    Redeclaring math alphabet \mathbf on input line 149.
) (C:\Users\Maxime Muller\AppData\Local\Programs\MiKTeX\tex/latex/bbm\bbm.sty
Package: bbm 1999/03/15 V 1.2 provides fonts for set symbols - TH
LaTeX Font Info:    Overwriting math alphabet `\mathbbm' in version `bold'
(Font)                  U/bbm/m/n --> U/bbm/bx/n on input line 33.
LaTeX Font Info:    Overwriting math alphabet `\mathbbmss' in version `bold'
(Font)                  U/bbmss/m/n --> U/bbmss/bx/n on input line 35.
) (C:\Users\Maxime Muller\AppData\Local\Programs\MiKTeX\tex/latex/import\import.sty
Package: import 2020/04/01  v 6.2
) (C:\Users\Maxime Muller\AppData\Local\Programs\MiKTeX\tex/latex/xifthen\xifthen.sty
Package: xifthen 2015/11/05 v1.4.0 Extended ifthen features
 (C:\Users\Maxime Muller\AppData\Local\Programs\MiKTeX\tex/latex/tools\calc.sty
Package: calc 2023/07/08 v4.3 Infix arithmetic (KKT,FJ)
\calc@Acount=\count318
\calc@Bcount=\count319
\calc@Adimen=\dimen294
\calc@Bdimen=\dimen295
\calc@Askip=\skip54
\calc@Bskip=\skip55
LaTeX Info: Redefining \setlength on input line 80.
LaTeX Info: Redefining \addtolength on input line 81.
\calc@Ccount=\count320
\calc@Cskip=\skip56
) (C:\Users\Maxime Muller\AppData\Local\Programs\MiKTeX\tex/latex/ifmtarg\ifmtarg.sty
Package: ifmtarg 2018/04/16 v1.2b check for an empty argument
)) (C:\Users\Maxime Muller\AppData\Local\Programs\MiKTeX\tex/latex/pdfpages\pdfpages.sty
Package: pdfpages 2025/01/30 v0.6e Insert pages of external PDF documents (AM)
 (C:\Users\Maxime Muller\AppData\Local\Programs\MiKTeX\tex/latex/eso-pic\eso-pic.sty
Package: eso-pic 2023/05/03 v3.0c eso-pic (RN)
\ESO@tempdima=\dimen296
\ESO@tempdimb=\dimen297
)
\AM@pagewidth=\dimen298
\AM@pageheight=\dimen299
\AM@fboxrule=\dimen300
 (C:\Users\Maxime Muller\AppData\Local\Programs\MiKTeX\tex/latex/pdfpages\pppdftex.def
File: pppdftex.def 2025/01/30 v0.6e Pdfpages driver for pdfTeX (AM)
)
\pdfpages@includegraphics@status=\count321
\AM@pagebox=\box68
\AM@global@opts=\toks39
\AM@pagecnt=\count322
\AM@toc@title=\toks40
\AM@lof@heading=\toks41
\c@AM@survey=\count323
\AM@templatesizebox=\box69
) (C:\Users\Maxime Muller\AppData\Local\Programs\MiKTeX\tex/latex/transparent\transparent.sty
Package: transparent 2022-10-27 v1.5 Transparency with color stacks
 (C:\Users\Maxime Muller\AppData\Local\Programs\MiKTeX\tex/latex/transparent\transparent-nometadata.sty
Package: transparent-nometadata 2022-10-27 v1.5 Transparency via pdfTeX's color stack (HO)
))) (C:\Users\Maxime Muller\AppData\Local\Programs\MiKTeX\tex/latex/amsfonts\amsfonts.sty
Package: amsfonts 2013/01/14 v3.01 Basic AMSFonts support
\symAMSa=\mathgroup9
\symAMSb=\mathgroup10
LaTeX Font Info:    Redeclaring math symbol \hbar on input line 98.
LaTeX Font Info:    Overwriting math alphabet `\mathfrak' in version `bold'
(Font)                  U/euf/m/n --> U/euf/b/n on input line 106.
) (C:\Users\Maxime Muller\AppData\Local\Programs\MiKTeX\tex/latex/mathtools\mathtools.sty
Package: mathtools 2024/10/04 v1.31 mathematical typesetting tools
 (C:\Users\Maxime Muller\AppData\Local\Programs\MiKTeX\tex/latex/mathtools\mhsetup.sty
Package: mhsetup 2021/03/18 v1.4 programming setup (MH)
)
\g_MT_multlinerow_int=\count324
\l_MT_multwidth_dim=\dimen301
\origjot=\skip57
\l_MT_shortvdotswithinadjustabove_dim=\dimen302
\l_MT_shortvdotswithinadjustbelow_dim=\dimen303
\l_MT_above_intertext_sep=\dimen304
\l_MT_below_intertext_sep=\dimen305
\l_MT_above_shortintertext_sep=\dimen306
\l_MT_below_shortintertext_sep=\dimen307
\xmathstrut@box=\box70
\xmathstrut@dim=\dimen308
) (C:\Users\Maxime Muller\AppData\Local\Programs\MiKTeX\tex/latex/amscls\amsthm.sty
Package: amsthm 2020/05/29 v2.20.6
\thm@style=\toks42
\thm@bodyfont=\toks43
\thm@headfont=\toks44
\thm@notefont=\toks45
\thm@headpunct=\toks46
\thm@preskip=\skip58
\thm@postskip=\skip59
\thm@headsep=\skip60
\dth@everypar=\toks47
) (C:\Users\Maxime Muller\AppData\Local\Programs\MiKTeX\tex/latex/amsfonts\amssymb.sty
Package: amssymb 2013/01/14 v3.01 AMS font symbols
LaTeX Font Info:    Redeclaring math symbol \boxdot on input line 44.
) (C:\Users\Maxime Muller\AppData\Local\Programs\MiKTeX\tex/latex/jknappen\mathrsfs.sty
Package: mathrsfs 1996/01/01 Math RSFS package v1.0 (jk)
\symrsfs=\mathgroup11
) (C:\Users\Maxime Muller\AppData\Local\Programs\MiKTeX\tex/latex/geometry\geometry.sty
Package: geometry 2020/01/02 v5.9 Page Geometry
 (C:\Users\Maxime Muller\AppData\Local\Programs\MiKTeX\tex/generic/iftex\ifvtex.sty
Package: ifvtex 2019/10/25 v1.7 ifvtex legacy package. Use iftex instead.
)
\Gm@cnth=\count325
\Gm@cntv=\count326
\c@Gm@tempcnt=\count327
\Gm@bindingoffset=\dimen309
\Gm@wd@mp=\dimen310
\Gm@odd@mp=\dimen311
\Gm@even@mp=\dimen312
\Gm@layoutwidth=\dimen313
\Gm@layoutheight=\dimen314
\Gm@layouthoffset=\dimen315
\Gm@layoutvoffset=\dimen316
\Gm@dimlist=\toks48
 (C:\Users\Maxime Muller\AppData\Local\Programs\MiKTeX\tex/latex/geometry\geometry.cfg)) (C:\Users\Maxime Muller\AppData\Local\Programs\MiKTeX\tex/latex/cancel\cancel.sty
Package: cancel 2013/04/12 v2.2 Cancel math terms
) (C:\Users\Maxime Muller\AppData\Local\Programs\MiKTeX\tex/latex/systeme\systeme.sty (C:\Users\Maxime Muller\AppData\Local\Programs\MiKTeX\tex/latex/xstring\xstring.sty (C:\Users\Maxime Muller\AppData\Local\Programs\MiKTeX\tex/generic/xstring\xstring.tex
\xs_counta=\count328
\xs_countb=\count329
)
Package: xstring 2023/08/22 v1.86 String manipulations (CT)
) (C:\Users\Maxime Muller\AppData\Local\Programs\MiKTeX\tex/generic/systeme\systeme.tex
\SYS_code_toks=\toks49
\SYS_preamble_toks=\toks50
\SYSeqnum=\count330
)
Package: systeme 2025/02/16 v0.35 Mise en forme de systemes d'equations (CT)
) (C:\Users\Maxime Muller\AppData\Local\Programs\MiKTeX\tex/latex/enumitem\enumitem.sty
Package: enumitem 2025/02/06 v3.11 Customized lists
\labelindent=\skip61
\enit@outerparindent=\dimen317
\enit@toks=\toks51
\enit@inbox=\box71
\enit@count@id=\count331
\enitdp@description=\count332
) (C:\Users\Maxime Muller\AppData\Local\Programs\MiKTeX\tex/latex/tools\multicol.sty
Package: multicol 2023/03/30 v1.9f multicolumn formatting (FMi)
\c@tracingmulticols=\count333
\mult@box=\box72
\multicol@leftmargin=\dimen318
\c@unbalance=\count334
\c@collectmore=\count335
\doublecol@number=\count336
\multicoltolerance=\count337
\multicolpretolerance=\count338
\full@width=\dimen319
\page@free=\dimen320
\premulticols=\dimen321
\postmulticols=\dimen322
\multicolsep=\skip62
\multicolbaselineskip=\skip63
\partial@page=\box73
\last@line=\box74
\mc@boxedresult=\box75
\maxbalancingoverflow=\dimen323
\mult@rightbox=\box76
\mult@grightbox=\box77
\mult@firstbox=\box78
\mult@gfirstbox=\box79
\@tempa=\box80
\@tempa=\box81
\@tempa=\box82
\@tempa=\box83
\@tempa=\box84
\@tempa=\box85
\@tempa=\box86
\@tempa=\box87
\@tempa=\box88
\@tempa=\box89
\@tempa=\box90
\@tempa=\box91
\@tempa=\box92
\@tempa=\box93
\@tempa=\box94
\@tempa=\box95
\@tempa=\box96
\@tempa=\box97
\@tempa=\box98
\@tempa=\box99
\@tempa=\box100
\@tempa=\box101
\@tempa=\box102
\@tempa=\box103
\@tempa=\box104
\@tempa=\box105
\@tempa=\box106
\@tempa=\box107
\@tempa=\box108
\@tempa=\box109
\@tempa=\box110
\@tempa=\box111
\@tempa=\box112
\@tempa=\box113
\@tempa=\box114
\@tempa=\box115
\c@minrows=\count339
\c@columnbadness=\count340
\c@finalcolumnbadness=\count341
\last@try=\dimen324
\multicolovershoot=\dimen325
\multicolundershoot=\dimen326
\mult@nat@firstbox=\box116
\colbreak@box=\box117
\mc@col@check@num=\count342
) (C:\Users\Maxime Muller\AppData\Local\Programs\MiKTeX\tex/latex/multirow\bigdelim.sty
Package: bigdelim 2024/11/12 v2.9 Create big delimiters in tabular or array
 (C:\Users\Maxime Muller\AppData\Local\Programs\MiKTeX\tex/latex/multirow\multirow.sty
Package: multirow 2024/11/12 v2.9 Span multiple rows of a table
\multirow@colwidth=\skip64
\multirow@cntb=\count343
\multirow@dima=\skip65
\bigstrutjot=\dimen327
)) (C:\Users\Maxime Muller\AppData\Local\Programs\MiKTeX\tex/latex/siunitx\siunitx.sty
Package: siunitx 2025-02-27 v3.4.6 A comprehensive (SI) units package
\l__siunitx_number_uncert_offset_int=\count344
\l__siunitx_number_exponent_fixed_int=\count345
\l__siunitx_number_min_decimal_int=\count346
\l__siunitx_number_min_integer_int=\count347
\l__siunitx_number_round_precision_int=\count348
\l__siunitx_number_lower_threshold_int=\count349
\l__siunitx_number_upper_threshold_int=\count350
\l__siunitx_number_group_first_int=\count351
\l__siunitx_number_group_size_int=\count352
\l__siunitx_number_group_minimum_int=\count353
\l__siunitx_angle_tmp_dim=\dimen328
\l__siunitx_angle_marker_box=\box118
\l__siunitx_angle_unit_box=\box119
\l__siunitx_compound_count_int=\count354
 (C:\Users\Maxime Muller\AppData\Local\Programs\MiKTeX\tex/latex/translations\translations.sty
Package: translations 2022/02/05 v1.12 internationalization of LaTeX2e packages (CN)
)
\l__siunitx_table_tmp_box=\box120
\l__siunitx_table_tmp_dim=\dimen329
\l__siunitx_table_column_width_dim=\dimen330
\l__siunitx_table_integer_box=\box121
\l__siunitx_table_decimal_box=\box122
\l__siunitx_table_uncert_box=\box123
\l__siunitx_table_before_box=\box124
\l__siunitx_table_after_box=\box125
\l__siunitx_table_before_dim=\dimen331
\l__siunitx_table_carry_dim=\dimen332
\l__siunitx_unit_tmp_int=\count355
\l__siunitx_unit_position_int=\count356
\l__siunitx_unit_total_int=\count357
 (C:\Users\Maxime Muller\AppData\Local\Programs\MiKTeX\tex/latex/tools\array.sty
Package: array 2023/10/16 v2.5g Tabular extension package (FMi)
\col@sep=\dimen333
\ar@mcellbox=\box126
\extrarowheight=\dimen334
\NC@list=\toks52
\extratabsurround=\skip66
\backup@length=\skip67
\ar@cellbox=\box127
)) (C:\Users\Maxime Muller\AppData\Local\Programs\MiKTeX\tex/generic/pgf/frontendlayer/tikz/libraries\tikzlibraryintersections.code.tex (C:\Users\Maxime Muller\AppData\Local\Programs\MiKTeX\tex/generic/pgf/libraries\pgflibraryintersections.code.tex (C:\Users\Maxime Muller\AppData\Local\Programs\MiKTeX\tex/generic/pgf/libraries\pgflibraryfpu.code.tex)
\pgf@intersect@solutions=\count358
)) (C:\Users\Maxime Muller\AppData\Local\Programs\MiKTeX\tex/generic/pgf/frontendlayer/tikz/libraries\tikzlibraryangles.code.tex
File: tikzlibraryangles.code.tex 2023-01-15 v3.1.10 (3.1.10)
) (C:\Users\Maxime Muller\AppData\Local\Programs\MiKTeX\tex/generic/pgf/frontendlayer/tikz/libraries\tikzlibrarypositioning.code.tex
File: tikzlibrarypositioning.code.tex 2023-01-15 v3.1.10 (3.1.10)
) (C:\Users\Maxime Muller\AppData\Local\Programs\MiKTeX\tex/latex/pgfplots\pgfplots.sty (C:\Users\Maxime Muller\AppData\Local\Programs\MiKTeX\tex/generic/pgfplots\pgfplots.revision.tex)
Package: pgfplots 2021/05/15 v1.18.1 Data Visualization (1.18.1)
 (C:\Users\Maxime Muller\AppData\Local\Programs\MiKTeX\tex/generic/pgfplots\pgfplots.code.tex (C:\Users\Maxime Muller\AppData\Local\Programs\MiKTeX\tex/generic/pgfplots\pgfplotscore.code.tex
\t@pgfplots@toka=\toks53
\t@pgfplots@tokb=\toks54
\t@pgfplots@tokc=\toks55
\pgfplots@tmpa=\dimen335
\c@pgfplots@coordindex=\count359
\c@pgfplots@scanlineindex=\count360
 (C:\Users\Maxime Muller\AppData\Local\Programs\MiKTeX\tex/generic/pgfplots/sys\pgfplotssysgeneric.code.tex)) (C:\Users\Maxime Muller\AppData\Local\Programs\MiKTeX\tex/generic/pgfplots/libs\pgfplotslibrary.code.tex) (C:\Users\Maxime Muller\AppData\Local\Programs\MiKTeX\tex/generic/pgfplots/oldpgfcompatib\pgfplotsoldpgfsupp_loader.code.tex
Package pgfplots: loading complementary utilities for your pgf version...
\t@pgf@toka=\toks56
\t@pgf@tokb=\toks57
\t@pgf@tokc=\toks58
(C:\Users\Maxime Muller\AppData\Local\Programs\MiKTeX\tex/generic/pgfplots/oldpgfcompatib\pgfplotsoldpgfsupp_pgfutil-common-lists.tex)) (C:\Users\Maxime Muller\AppData\Local\Programs\MiKTeX\tex/generic/pgfplots/util\pgfplotsutil.code.tex (C:\Users\Maxime Muller\AppData\Local\Programs\MiKTeX\tex/generic/pgfplots/liststructure\pgfplotsliststructure.code.tex) (C:\Users\Maxime Muller\AppData\Local\Programs\MiKTeX\tex/generic/pgfplots/liststructure\pgfplotsliststructureext.code.tex) (C:\Users\Maxime Muller\AppData\Local\Programs\MiKTeX\tex/generic/pgfplots/liststructure\pgfplotsarray.code.tex
\c@pgfplotsarray@tmp=\count361
) (C:\Users\Maxime Muller\AppData\Local\Programs\MiKTeX\tex/generic/pgfplots/liststructure\pgfplotsmatrix.code.tex) (C:\Users\Maxime Muller\AppData\Local\Programs\MiKTeX\tex/generic/pgfplots/numtable\pgfplotstableshared.code.tex
\c@pgfplotstable@counta=\count362
\t@pgfplotstable@a=\toks59
) (C:\Users\Maxime Muller\AppData\Local\Programs\MiKTeX\tex/generic/pgfplots/liststructure\pgfplotsdeque.code.tex) (C:\Users\Maxime Muller\AppData\Local\Programs\MiKTeX\tex/generic/pgfplots/util\pgfplotsbinary.code.tex (C:\Users\Maxime Muller\AppData\Local\Programs\MiKTeX\tex/generic/pgfplots/util\pgfplotsbinary.data.code.tex)) (C:\Users\Maxime Muller\AppData\Local\Programs\MiKTeX\tex/generic/pgfplots/util\pgfplotsutil.verb.code.tex) (C:\Users\Maxime Muller\AppData\Local\Programs\MiKTeX\tex/generic/pgfplots/libs\pgflibrarypgfplots.surfshading.code.tex
\c@pgfplotslibrarysurf@no=\count363
 (C:\Users\Maxime Muller\AppData\Local\Programs\MiKTeX\tex/generic/pgfplots/sys\pgflibrarypgfplots.surfshading.pgfsys-pdftex.def))) (C:\Users\Maxime Muller\AppData\Local\Programs\MiKTeX\tex/generic/pgfplots/util\pgfplotscolormap.code.tex (C:\Users\Maxime Muller\AppData\Local\Programs\MiKTeX\tex/generic/pgfplots/util\pgfplotscolor.code.tex)) (C:\Users\Maxime Muller\AppData\Local\Programs\MiKTeX\tex/generic/pgfplots\pgfplotsstackedplots.code.tex) (C:\Users\Maxime Muller\AppData\Local\Programs\MiKTeX\tex/generic/pgfplots\pgfplotsplothandlers.code.tex (C:\Users\Maxime Muller\AppData\Local\Programs\MiKTeX\tex/generic/pgfplots\pgfplotsmeshplothandler.code.tex (C:\Users\Maxime Muller\AppData\Local\Programs\MiKTeX\tex/generic/pgfplots\pgfplotsmeshplotimage.code.tex))) (C:\Users\Maxime Muller\AppData\Local\Programs\MiKTeX\tex/generic/pgfplots\pgfplots.scaling.code.tex) (C:\Users\Maxime Muller\AppData\Local\Programs\MiKTeX\tex/generic/pgfplots\pgfplotscoordprocessing.code.tex) (C:\Users\Maxime Muller\AppData\Local\Programs\MiKTeX\tex/generic/pgfplots\pgfplots.errorbars.code.tex) (C:\Users\Maxime Muller\AppData\Local\Programs\MiKTeX\tex/generic/pgfplots\pgfplots.markers.code.tex) (C:\Users\Maxime Muller\AppData\Local\Programs\MiKTeX\tex/generic/pgfplots\pgfplotsticks.code.tex) (C:\Users\Maxime Muller\AppData\Local\Programs\MiKTeX\tex/generic/pgfplots\pgfplots.paths.code.tex) (C:\Users\Maxime Muller\AppData\Local\Programs\MiKTeX\tex/generic/pgf/frontendlayer/tikz/libraries\tikzlibrarydecorations.pathreplacing.code.tex (C:\Users\Maxime Muller\AppData\Local\Programs\MiKTeX\tex/generic/pgf/libraries/decorations\pgflibrarydecorations.pathreplacing.code.tex)) (C:\Users\Maxime Muller\AppData\Local\Programs\MiKTeX\tex/generic/pgfplots/libs\tikzlibrarypgfplots.contourlua.code.tex)
\pgfplots@numplots=\count364
\pgfplots@xmin@reg=\dimen336
\pgfplots@xmax@reg=\dimen337
\pgfplots@ymin@reg=\dimen338
\pgfplots@ymax@reg=\dimen339
\pgfplots@zmin@reg=\dimen340
\pgfplots@zmax@reg=\dimen341
) (C:\Users\Maxime Muller\AppData\Local\Programs\MiKTeX\tex/generic/pgf/frontendlayer/tikz/libraries\tikzlibraryplotmarks.code.tex
File: tikzlibraryplotmarks.code.tex 2023-01-15 v3.1.10 (3.1.10)
 (C:\Users\Maxime Muller\AppData\Local\Programs\MiKTeX\tex/generic/pgf/libraries\pgflibraryplotmarks.code.tex
File: pgflibraryplotmarks.code.tex 2023-01-15 v3.1.10 (3.1.10)
))) (C:\Users\Maxime Muller\AppData\Local\Programs\MiKTeX\tex/latex/algorithm2e\algorithm2e.sty
Package: algorithm2e 2017/07/18 v5.2 algorithms environments
\c@AlgoLine=\count365
\algocf@hangindent=\skip68
 (C:\Users\Maxime Muller\AppData\Local\Programs\MiKTeX\tex/latex/ifoddpage\ifoddpage.sty
Package: ifoddpage 2022/10/18 v1.2 Conditionals for odd/even page detection
\c@checkoddpage=\count366
) (C:\Users\Maxime Muller\AppData\Local\Programs\MiKTeX\tex/latex/tools\xspace.sty
Package: xspace 2014/10/28 v1.13 Space after command names (DPC,MH)
) (C:\Users\Maxime Muller\AppData\Local\Programs\MiKTeX\tex/latex/relsize\relsize.sty
Package: relsize 2013/03/29 ver 4.1
)
\skiptotal=\skip69
\skiplinenumber=\skip70
\skiprule=\skip71
\skiphlne=\skip72
\skiptext=\skip73
\skiplength=\skip74
\algomargin=\skip75
\skipalgocfslide=\skip76
\algowidth=\dimen342
\inoutsize=\dimen343
\inoutindent=\dimen344
\interspacetitleruled=\dimen345
\interspacealgoruled=\dimen346
\interspacetitleboxruled=\dimen347
\algocf@ruledwidth=\skip77
\algocf@inoutbox=\box128
\algocf@inputbox=\box129
\AlCapSkip=\skip78
\AlCapHSkip=\skip79
\algoskipindent=\skip80
\algocf@nlbox=\box130
\algocf@hangingbox=\box131
\algocf@untilbox=\box132
\algocf@skipuntil=\skip81
\algocf@capbox=\box133
\algocf@lcaptionbox=\skip82
\algoheightruledefault=\skip83
\algoheightrule=\skip84
\algotitleheightruledefault=\skip85
\algotitleheightrule=\skip86
\c@algocfline=\count367
\c@algocfproc=\count368
\c@algocf=\count369
\algocf@algoframe=\box134
\algocf@algobox=\box135
) (C:\Users\Maxime Muller\AppData\Local\Programs\MiKTeX\tex/latex/thmtools\thmtools.sty
Package: thmtools 2023/05/04 v0.76
\thmt@toks=\toks60
\c@thmt@dummyctr=\count370
 (C:\Users\Maxime Muller\AppData\Local\Programs\MiKTeX\tex/latex/thmtools\thm-patch.sty
Package: thm-patch 2023/05/04 v0.76
 (C:\Users\Maxime Muller\AppData\Local\Programs\MiKTeX\tex/latex/thmtools\parseargs.sty
Package: parseargs 2023/05/04 v0.76
\@parsespec=\toks61
)) (C:\Users\Maxime Muller\AppData\Local\Programs\MiKTeX\tex/latex/thmtools\thm-kv.sty
Package: thm-kv 2023/05/04 v0.76
Package thm-kv Info: Theorem names will be uppercased on input line 42.
Package thm-kv Info: kvsetkeys patch (v1.16 or later) on input line 158.
) (C:\Users\Maxime Muller\AppData\Local\Programs\MiKTeX\tex/latex/thmtools\thm-autoref.sty
Package: thm-autoref 2023/05/04 v0.76
 (C:\Users\Maxime Muller\AppData\Local\Programs\MiKTeX\tex/latex/thmtools\aliasctr.sty
Package: aliasctr 2023/05/04 v0.76
)) (C:\Users\Maxime Muller\AppData\Local\Programs\MiKTeX\tex/latex/thmtools\thm-listof.sty
Package: thm-listof 2023/05/04 v0.76
) (C:\Users\Maxime Muller\AppData\Local\Programs\MiKTeX\tex/latex/thmtools\thm-restate.sty
Package: thm-restate 2023/05/04 v0.76
) (C:\Users\Maxime Muller\AppData\Local\Programs\MiKTeX\tex/latex/thmtools\thm-amsthm.sty
Package: thm-amsthm 2023/05/04 v0.76
\thmt@style@headstyle=\toks62
)) (C:\Users\Maxime Muller\AppData\Local\Programs\MiKTeX\tex/latex/mdframed\mdframed.sty
Package: mdframed 2013/07/01 1.9b: mdframed
 (C:\Users\Maxime Muller\AppData\Local\Programs\MiKTeX\tex/latex/zref\zref-abspage.sty
Package: zref-abspage 2023-09-14 v2.35 Module abspage for zref (HO)
 (C:\Users\Maxime Muller\AppData\Local\Programs\MiKTeX\tex/latex/zref\zref-base.sty
Package: zref-base 2023-09-14 v2.35 Module base for zref (HO)
 (C:\Users\Maxime Muller\AppData\Local\Programs\MiKTeX\tex/generic/etexcmds\etexcmds.sty
Package: etexcmds 2019/12/15 v1.7 Avoid name clashes with e-TeX commands (HO)
)
Package zref Info: New property list: main on input line 767.
Package zref Info: New property: default on input line 768.
Package zref Info: New property: page on input line 769.
)
\c@abspage=\count371
Package zref Info: New property: abspage on input line 67.
) (C:\Users\Maxime Muller\AppData\Local\Programs\MiKTeX\tex/latex/needspace\needspace.sty
Package: needspace 2025/03/13 v1.3e reserve vertical space
)
\mdf@templength=\skip87
\c@mdf@globalstyle@cnt=\count372
\mdf@skipabove@length=\skip88
\mdf@skipbelow@length=\skip89
\mdf@leftmargin@length=\skip90
\mdf@rightmargin@length=\skip91
\mdf@innerleftmargin@length=\skip92
\mdf@innerrightmargin@length=\skip93
\mdf@innertopmargin@length=\skip94
\mdf@innerbottommargin@length=\skip95
\mdf@splittopskip@length=\skip96
\mdf@splitbottomskip@length=\skip97
\mdf@outermargin@length=\skip98
\mdf@innermargin@length=\skip99
\mdf@linewidth@length=\skip100
\mdf@innerlinewidth@length=\skip101
\mdf@middlelinewidth@length=\skip102
\mdf@outerlinewidth@length=\skip103
\mdf@roundcorner@length=\skip104
\mdf@footenotedistance@length=\skip105
\mdf@userdefinedwidth@length=\skip106
\mdf@needspace@length=\skip107
\mdf@frametitleaboveskip@length=\skip108
\mdf@frametitlebelowskip@length=\skip109
\mdf@frametitlerulewidth@length=\skip110
\mdf@frametitleleftmargin@length=\skip111
\mdf@frametitlerightmargin@length=\skip112
\mdf@shadowsize@length=\skip113
\mdf@extratopheight@length=\skip114
\mdf@subtitleabovelinewidth@length=\skip115
\mdf@subtitlebelowlinewidth@length=\skip116
\mdf@subtitleaboveskip@length=\skip117
\mdf@subtitlebelowskip@length=\skip118
\mdf@subtitleinneraboveskip@length=\skip119
\mdf@subtitleinnerbelowskip@length=\skip120
\mdf@subsubtitleabovelinewidth@length=\skip121
\mdf@subsubtitlebelowlinewidth@length=\skip122
\mdf@subsubtitleaboveskip@length=\skip123
\mdf@subsubtitlebelowskip@length=\skip124
\mdf@subsubtitleinneraboveskip@length=\skip125
\mdf@subsubtitleinnerbelowskip@length=\skip126
 (C:\Users\Maxime Muller\AppData\Local\Programs\MiKTeX\tex/latex/mdframed\md-frame-1.mdf
File: md-frame-1.mdf 2013/07/01\ 1.9b: md-frame-1
)
\mdf@frametitlebox=\box136
\mdf@footnotebox=\box137
\mdf@splitbox@one=\box138
\mdf@splitbox@two=\box139
\mdf@splitbox@save=\box140
\mdfsplitboxwidth=\skip127
\mdfsplitboxtotalwidth=\skip128
\mdfsplitboxheight=\skip129
\mdfsplitboxdepth=\skip130
\mdfsplitboxtotalheight=\skip131
\mdfframetitleboxwidth=\skip132
\mdfframetitleboxtotalwidth=\skip133
\mdfframetitleboxheight=\skip134
\mdfframetitleboxdepth=\skip135
\mdfframetitleboxtotalheight=\skip136
\mdffootnoteboxwidth=\skip137
\mdffootnoteboxtotalwidth=\skip138
\mdffootnoteboxheight=\skip139
\mdffootnoteboxdepth=\skip140
\mdffootnoteboxtotalheight=\skip141
\mdftotallinewidth=\skip142
\mdfboundingboxwidth=\skip143
\mdfboundingboxtotalwidth=\skip144
\mdfboundingboxheight=\skip145
\mdfboundingboxdepth=\skip146
\mdfboundingboxtotalheight=\skip147
\mdf@freevspace@length=\skip148
\mdf@horizontalwidthofbox@length=\skip149
\mdf@verticalmarginwhole@length=\skip150
\mdf@horizontalspaceofbox=\skip151
\mdfsubtitleheight=\skip152
\mdfsubsubtitleheight=\skip153
\c@mdfcountframes=\count373

****** mdframed patching \endmdf@trivlist

****** -- success******

\mdf@envdepth=\count374
\c@mdf@env@i=\count375
\c@mdf@env@ii=\count376
\c@mdf@zref@counter=\count377
Package zref Info: New property: mdf@pagevalue on input line 895.
)
Package thmtools Info: Key `mdframed' (with value ` linewidth=2pt, rightline=false, topline=false, bottomline=false, linecolor=ForestGreen, backgroundcolor=ForestGreen!5, nobreak=false ')
(thmtools)             is not a known style key.
(thmtools)             Will pass this to every \declaretheorem
(thmtools)             that uses `style=thmgreenbox' on input line 89.
Package thmtools Info: Key `mdframed' (with value ` linewidth=2pt, rightline=false, topline=false, bottomline=false, linecolor=ForestGreen, backgroundcolor=ForestGreen!8, nobreak=false ')
(thmtools)             is not a known style key.
(thmtools)             Will pass this to every \declaretheorem
(thmtools)             that uses `style=thmgreen2box' on input line 99.
Package thmtools Info: Key `mdframed' (with value ` linewidth=2pt, rightline=false, topline=false, bottomline=false, linecolor=NavyBlue, backgroundcolor=NavyBlue!5, nobreak=false ')
(thmtools)             is not a known style key.
(thmtools)             Will pass this to every \declaretheorem
(thmtools)             that uses `style=thmbluebox' on input line 109.
Package thmtools Info: Key `mdframed' (with value ` linewidth=2pt, rightline=false, topline=false, bottomline=false, linecolor=TealBlue, nobreak=false ')
(thmtools)             is not a known style key.
(thmtools)             Will pass this to every \declaretheorem
(thmtools)             that uses `style=thmblueline' on input line 119.
Package thmtools Info: Key `mdframed' (with value ` linewidth=2pt, rightline=false, topline=false, bottomline=false, linecolor=RawSienna, backgroundcolor=RawSienna!5, nobreak=false ')
(thmtools)             is not a known style key.
(thmtools)             Will pass this to every \declaretheorem
(thmtools)             that uses `style=thmredbox' on input line 129.
Package thmtools Info: Key `mdframed' (with value ` linewidth=2pt, rightline=false, topline=false, bottomline=false, linecolor=RawSienna, backgroundcolor=RawSienna!8, nobreak=false ')
(thmtools)             is not a known style key.
(thmtools)             Will pass this to every \declaretheorem
(thmtools)             that uses `style=thmred2box' on input line 139.
Package thmtools Info: Key `mdframed' (with value ` linewidth=2pt, rightline=false, topline=false, bottomline=false, linecolor=SeaGreen, backgroundcolor=SeaGreen!2, nobreak=false ')
(thmtools)             is not a known style key.
(thmtools)             Will pass this to every \declaretheorem
(thmtools)             that uses `style=thmgreen3box' on input line 149.
Package thmtools Info: Key `mdframed' (with value ` linewidth=2pt, rightline=false, topline=false, bottomline=false, linecolor=WildStrawberry, backgroundcolor=WildStrawberry!5, nobreak=false ')
(thmtools)             is not a known style key.
(thmtools)             Will pass this to every \declaretheorem
(thmtools)             that uses `style=thmpinkbox' on input line 159.
Package thmtools Info: Key `mdframed' (with value ` linewidth=2pt, rightline=false, topline=false, bottomline=false, linecolor=MidnightBlue, backgroundcolor=MidnightBlue!5, nobreak=false ')
(thmtools)             is not a known style key.
(thmtools)             Will pass this to every \declaretheorem
(thmtools)             that uses `style=thmblue2box' on input line 169.
Package thmtools Info: Key `mdframed' (with value ` linewidth=2pt, rightline=false, topline=false, bottomline=false, linecolor=Gray, backgroundcolor=Gray!5, nobreak=false ')
(thmtools)             is not a known style key.
(thmtools)             Will pass this to every \declaretheorem
(thmtools)             that uses `style=notgraybox' on input line 179.
Package thmtools Info: Key `mdframed' (with value ` linewidth=2pt, rightline=false, topline=false, bottomline=false, linecolor=Gray, nobreak=false ')
(thmtools)             is not a known style key.
(thmtools)             Will pass this to every \declaretheorem
(thmtools)             that uses `style=notgrayline' on input line 189.
Package thmtools Info: Key `numbered' (with value `no')
(thmtools)             is not a known style key.
(thmtools)             Will pass this to every \declaretheorem
(thmtools)             that uses `style=thmexplanationbox' on input line 211.
Package thmtools Info: Key `mdframed' (with value ` linewidth=2pt, rightline=false, topline=false, bottomline=false, linecolor=NavyBlue, backgroundcolor=NavyBlue!1, nobreak=false ')
(thmtools)             is not a known style key.
(thmtools)             Will pass this to every \declaretheorem
(thmtools)             that uses `style=thmexplanationbox' on input line 211.
Package thmtools Info: Key `numbered' (with value `no')
(thmtools)             is not a known style key.
(thmtools)             Will pass this to every \declaretheorem
(thmtools)             that uses `style=thmanswerbox' on input line 222.
Package thmtools Info: Key `mdframed' (with value ` linewidth=2pt, rightline=false, topline=false, bottomline=false, linecolor=WildStrawberry, backgroundcolor=WildStrawberry!1, nobreak=false ')
(thmtools)             is not a known style key.
(thmtools)             Will pass this to every \declaretheorem
(thmtools)             that uses `style=thmanswerbox' on input line 222.
Package thmtools Info: Key `mdframed' (with value ` linewidth=2pt, rightline=false, topline=false, bottomline=false, linecolor=Violet, backgroundcolor=Violet!1, nobreak=false ')
(thmtools)             is not a known style key.
(thmtools)             Will pass this to every \declaretheorem
(thmtools)             that uses `style=conjpurplebox' on input line 232.
Package thmtools Info: Automatically pulling in `thmdef-mdframed' on input line 235.
 (C:\Users\Maxime Muller\AppData\Local\Programs\MiKTeX\tex/latex/thmtools\thmdef-mdframed.sty
Package: thmdef-mdframed 2023/05/04 v0.76
)
\c@definition=\count378
\c@theorem=\count379
\c@lemma=\count380
\c@proposition=\count381
\c@corollary=\count382
\c@problem=\count383
\c@conjecture=\count384
 (C:\Users\Maxime Muller\AppData\Local\Programs\MiKTeX\tex/latex/fancyhdr\fancyhdr.sty
Package: fancyhdr 2025/02/07 v5.2 Extensive control of page headers and footers
\f@nch@headwidth=\skip154
\f@nch@offset@elh=\skip155
\f@nch@offset@erh=\skip156
\f@nch@offset@olh=\skip157
\f@nch@offset@orh=\skip158
\f@nch@offset@elf=\skip159
\f@nch@offset@erf=\skip160
\f@nch@offset@olf=\skip161
\f@nch@offset@orf=\skip162
\f@nch@height=\skip163
\f@nch@footalignment=\skip164
\f@nch@widthL=\skip165
\f@nch@widthC=\skip166
\f@nch@widthR=\skip167
\@temptokenb=\toks63
) (C:\Users\Maxime Muller\AppData\Local\Programs\MiKTeX\tex/latex/todonotes\todonotes.sty
Package: todonotes 2024/01/05 v1.1.7 Todonotes source and documentation.
Package: todonotes 2024/01/05
 (C:\Users\Maxime Muller\AppData\Local\Programs\MiKTeX\tex/latex/xkeyval\xkeyval.sty
Package: xkeyval 2022/06/16 v2.9 package option processing (HA)
 (C:\Users\Maxime Muller\AppData\Local\Programs\MiKTeX\tex/generic/xkeyval\xkeyval.tex (C:\Users\Maxime Muller\AppData\Local\Programs\MiKTeX\tex/generic/xkeyval\xkvutils.tex
\XKV@toks=\toks64
\XKV@tempa@toks=\toks65
)
\XKV@depth=\count385
File: xkeyval.tex 2014/12/03 v2.7a key=value parser (HA)
))
\c@@todonotes@numberoftodonotes=\count386
) (C:\Users\Maxime Muller\AppData\Local\Programs\MiKTeX\tex/latex/marginnote\marginnote.sty
Package: marginnote 2018/08/09 1.4b non floating margin notes for LaTeX
\c@mn@abspage=\count387
) (C:\Users\Maxime Muller\AppData\Local\Programs\MiKTeX\tex/latex/appendix\appendix.sty
Package: appendix 2020/02/08 v1.2c extra appendix facilities
\c@@pps=\count388
\c@@ppsavesec=\count389
\c@@ppsaveapp=\count390
)) (C:\Users\Maxime Muller\AppData\Local\Programs\MiKTeX\tex/latex/adjustbox\adjustbox.sty
Package: adjustbox 2025/02/26 v1.3c Adjusting TeX boxes (trim, clip, ...)
 (C:\Users\Maxime Muller\AppData\Local\Programs\MiKTeX\tex/latex/adjustbox\adjcalc.sty
Package: adjcalc 2012/05/16 v1.1 Provides advanced setlength with multiple back-ends (calc, etex, pgfmath)
) (C:\Users\Maxime Muller\AppData\Local\Programs\MiKTeX\tex/latex/adjustbox\trimclip.sty
Package: trimclip 2025/02/21 v1.2a Trim and clip general TeX material
 (C:\Users\Maxime Muller\AppData\Local\Programs\MiKTeX\tex/latex/collectbox\collectbox.sty
Package: collectbox 2022/10/17 v0.4c Collect macro arguments as boxes
\collectedbox=\box141
)
\tc@llx=\dimen348
\tc@lly=\dimen349
\tc@urx=\dimen350
\tc@ury=\dimen351
Package trimclip Info: Using driver 'tc-pdftex.def'.
 (C:\Users\Maxime Muller\AppData\Local\Programs\MiKTeX\tex/latex/adjustbox\tc-pdftex.def
File: tc-pdftex.def 2025/02/26 v2.3 Clipping driver for pdftex
))
\adjbox@Width=\dimen352
\adjbox@Height=\dimen353
\adjbox@Depth=\dimen354
\adjbox@Totalheight=\dimen355
\adjbox@pwidth=\dimen356
\adjbox@pheight=\dimen357
\adjbox@pdepth=\dimen358
\adjbox@ptotalheight=\dimen359
 (C:\Users\Maxime Muller\AppData\Local\Programs\MiKTeX\tex/latex/varwidth\varwidth.sty
Package: varwidth 2009/03/30 ver 0.92;  Variable-width minipages
\@vwid@box=\box142
\sift@deathcycles=\count391
\@vwid@loff=\dimen360
\@vwid@roff=\dimen361
)) (C:\Users\Maxime Muller\AppData\Local\Programs\MiKTeX\tex/latex/oberdiek\centernot.sty
Package: centernot 2016/05/16 v1.4 Centers the not symbol horizontally (HO)
) (C:\Users\Maxime Muller\AppData\Local\Programs\MiKTeX\tex/latex/lm\lmodern.sty
Package: lmodern 2015/05/01 v1.6.1 Latin Modern Fonts
LaTeX Font Info:    Overwriting symbol font `operators' in version `normal'
(Font)                  OT1/cmr/m/n --> OT1/lmr/m/n on input line 22.
LaTeX Font Info:    Overwriting symbol font `letters' in version `normal'
(Font)                  OML/cmm/m/it --> OML/lmm/m/it on input line 23.
LaTeX Font Info:    Overwriting symbol font `symbols' in version `normal'
(Font)                  OMS/cmsy/m/n --> OMS/lmsy/m/n on input line 24.
LaTeX Font Info:    Overwriting symbol font `largesymbols' in version `normal'
(Font)                  OMX/cmex/m/n --> OMX/lmex/m/n on input line 25.
LaTeX Font Info:    Overwriting symbol font `operators' in version `bold'
(Font)                  OT1/cmr/bx/n --> OT1/lmr/bx/n on input line 26.
LaTeX Font Info:    Overwriting symbol font `letters' in version `bold'
(Font)                  OML/cmm/b/it --> OML/lmm/b/it on input line 27.
LaTeX Font Info:    Overwriting symbol font `symbols' in version `bold'
(Font)                  OMS/cmsy/b/n --> OMS/lmsy/b/n on input line 28.
LaTeX Font Info:    Overwriting symbol font `largesymbols' in version `bold'
(Font)                  OMX/cmex/m/n --> OMX/lmex/m/n on input line 29.
LaTeX Font Info:    Overwriting math alphabet `\mathbf' in version `normal'
(Font)                  OT1/cmr/bx/n --> OT1/lmr/bx/n on input line 31.
LaTeX Font Info:    Overwriting math alphabet `\mathsf' in version `normal'
(Font)                  OT1/cmss/m/n --> OT1/lmss/m/n on input line 32.
LaTeX Font Info:    Overwriting math alphabet `\mathit' in version `normal'
(Font)                  OT1/cmr/m/it --> OT1/lmr/m/it on input line 33.
LaTeX Font Info:    Overwriting math alphabet `\mathtt' in version `normal'
(Font)                  OT1/cmtt/m/n --> OT1/lmtt/m/n on input line 34.
LaTeX Font Info:    Overwriting math alphabet `\mathbf' in version `bold'
(Font)                  OT1/cmr/bx/n --> OT1/lmr/bx/n on input line 35.
LaTeX Font Info:    Overwriting math alphabet `\mathsf' in version `bold'
(Font)                  OT1/cmss/bx/n --> OT1/lmss/bx/n on input line 36.
LaTeX Font Info:    Overwriting math alphabet `\mathit' in version `bold'
(Font)                  OT1/cmr/bx/it --> OT1/lmr/bx/it on input line 37.
LaTeX Font Info:    Overwriting math alphabet `\mathtt' in version `bold'
(Font)                  OT1/cmtt/m/n --> OT1/lmtt/m/n on input line 38.
)
Package translations Info: No language package found. I am going to use `english' as default language. on input line 14.
LaTeX Font Info:    Trying to load font information for T1+lmr on input line 14.
 (C:\Users\Maxime Muller\AppData\Local\Programs\MiKTeX\tex/latex/lm\t1lmr.fd
File: t1lmr.fd 2015/05/01 v1.6.1 Font defs for Latin Modern
) (c:\Users\Maxime Muller\Documents\Latex\Phytheme\Electricite\aux_files\Electricité.aux)
\openout1 = `Electricité.aux'.

LaTeX Font Info:    Checking defaults for OML/cmm/m/it on input line 14.
LaTeX Font Info:    ... okay on input line 14.
LaTeX Font Info:    Checking defaults for OMS/cmsy/m/n on input line 14.
LaTeX Font Info:    ... okay on input line 14.
LaTeX Font Info:    Checking defaults for OT1/cmr/m/n on input line 14.
LaTeX Font Info:    ... okay on input line 14.
LaTeX Font Info:    Checking defaults for T1/cmr/m/n on input line 14.
LaTeX Font Info:    ... okay on input line 14.
LaTeX Font Info:    Checking defaults for TS1/cmr/m/n on input line 14.
LaTeX Font Info:    ... okay on input line 14.
LaTeX Font Info:    Checking defaults for OMX/cmex/m/n on input line 14.
LaTeX Font Info:    ... okay on input line 14.
LaTeX Font Info:    Checking defaults for U/cmr/m/n on input line 14.
LaTeX Font Info:    ... okay on input line 14.
LaTeX Font Info:    Checking defaults for PD1/pdf/m/n on input line 14.
LaTeX Font Info:    ... okay on input line 14.
LaTeX Font Info:    Checking defaults for PU/pdf/m/n on input line 14.
LaTeX Font Info:    ... okay on input line 14.
Package hyperref Info: Link coloring ON on input line 14.
 (c:\Users\Maxime Muller\Documents\Latex\Phytheme\Electricite\aux_files\Electricité.out) (c:\Users\Maxime Muller\Documents\Latex\Phytheme\Electricite\aux_files\Electricité.out)
\@outlinefile=\write4
\openout4 = `Electricité.out'.

 (C:\Users\Maxime Muller\AppData\Local\Programs\MiKTeX\tex/context/base/mkii\supp-pdf.mkii
[Loading MPS to PDF converter (version 2006.09.02).]
\scratchcounter=\count392
\scratchdimen=\dimen362
\scratchbox=\box143
\nofMPsegments=\count393
\nofMParguments=\count394
\everyMPshowfont=\toks66
\MPscratchCnt=\count395
\MPscratchDim=\dimen363
\MPnumerator=\count396
\makeMPintoPDFobject=\count397
\everyMPtoPDFconversion=\toks67
) (C:\Users\Maxime Muller\AppData\Local\Programs\MiKTeX\tex/latex/epstopdf-pkg\epstopdf-base.sty
Package: epstopdf-base 2020-01-24 v2.11 Base part for package epstopdf
Package epstopdf-base Info: Redefining graphics rule for `.eps' on input line 485.
 (C:\Users\Maxime Muller\AppData\Local\Programs\MiKTeX\tex/latex/00miktex\epstopdf-sys.cfg
File: epstopdf-sys.cfg 2021/03/18 v2.0 Configuration of epstopdf for MiKTeX
))
Package caption Info: Begin \AtBeginDocument code.
Package caption Info: End \AtBeginDocument code.
 (C:\Users\Maxime Muller\AppData\Local\Programs\MiKTeX\tex/latex/pdflscape\pdflscape.sty
Package: pdflscape 2022-10-27 v0.13 Display of landscape pages in PDF
 (C:\Users\Maxime Muller\AppData\Local\Programs\MiKTeX\tex/latex/pdflscape\pdflscape-nometadata.sty
Package: pdflscape-nometadata 2022-10-28 v0.13 Display of landscape pages in PDF (HO)
 (C:\Users\Maxime Muller\AppData\Local\Programs\MiKTeX\tex/latex/graphics\lscape.sty
Package: lscape 2020/05/28 v3.02 Landscape Pages (DPC)
)
Package pdflscape Info: Auto-detected driver: pdftex on input line 81.
))
*geometry* driver: auto-detecting
*geometry* detected driver: pdftex
*geometry* verbose mode - [ preamble ] result:
* driver: pdftex
* paper: a4paper
* layout: <same size as paper>
* layoutoffset:(h,v)=(0.0pt,0.0pt)
* modes: 
* h-part:(L,W,R)=(72.2698pt, 452.96826pt, 72.2698pt)
* v-part:(T,H,B)=(72.2698pt, 700.50723pt, 72.2698pt)
* \paperwidth=597.50787pt
* \paperheight=845.04684pt
* \textwidth=452.96826pt
* \textheight=700.50723pt
* \oddsidemargin=-0.00018pt
* \evensidemargin=-0.00018pt
* \topmargin=-37.00018pt
* \headheight=12.0pt
* \headsep=25.0pt
* \topskip=10.0pt
* \footskip=30.0pt
* \marginparwidth=57.0pt
* \marginparsep=11.0pt
* \columnsep=10.0pt
* \skip\footins=9.0pt plus 4.0pt minus 2.0pt
* \hoffset=0.0pt
* \voffset=0.0pt
* \mag=1000
* \@twocolumnfalse
* \@twosidefalse
* \@mparswitchfalse
* \@reversemarginfalse
* (1in=72.27pt=25.4mm, 1cm=28.453pt)


Package siunitx Warning: Detected the "physics" package:
(siunitx)                omitting definition of \qty.
(siunitx)                
(siunitx)                If you want to use \qty with the siunitx definition,
(siunitx)                add 
(siunitx)                
(siunitx)                    \AtBeginDocument{\RenewCommandCopy\qty\SI}
(siunitx)                
(siunitx)                to your preamble.

(C:\Users\Maxime Muller\AppData\Local\Programs\MiKTeX\tex/latex/translations/dicts\translations-basic-dictionary-english.trsl
File: translations-basic-dictionary-english.trsl (english translation file `translations-basic-dictionary')
)
Package translations Info: loading dictionary `translations-basic-dictionary' for `english'. on input line 14.

Package pgfplots notification 'compat/show suggested version=true': you might benefit from \pgfplotsset{compat=1.18} (current compat level: 1.13).

LaTeX Font Info:    Trying to load font information for OT1+lmr on input line 17.
(C:\Users\Maxime Muller\AppData\Local\Programs\MiKTeX\tex/latex/lm\ot1lmr.fd
File: ot1lmr.fd 2015/05/01 v1.6.1 Font defs for Latin Modern
)
LaTeX Font Info:    Trying to load font information for OML+lmm on input line 17.
 (C:\Users\Maxime Muller\AppData\Local\Programs\MiKTeX\tex/latex/lm\omllmm.fd
File: omllmm.fd 2015/05/01 v1.6.1 Font defs for Latin Modern
)
LaTeX Font Info:    Trying to load font information for OMS+lmsy on input line 17.
 (C:\Users\Maxime Muller\AppData\Local\Programs\MiKTeX\tex/latex/lm\omslmsy.fd
File: omslmsy.fd 2015/05/01 v1.6.1 Font defs for Latin Modern
)
LaTeX Font Info:    Trying to load font information for OMX+lmex on input line 17.
 (C:\Users\Maxime Muller\AppData\Local\Programs\MiKTeX\tex/latex/lm\omxlmex.fd
File: omxlmex.fd 2015/05/01 v1.6.1 Font defs for Latin Modern
)
LaTeX Font Info:    External font `lmex10' loaded for size
(Font)              <12> on input line 17.
LaTeX Font Info:    External font `lmex10' loaded for size
(Font)              <8> on input line 17.
LaTeX Font Info:    External font `lmex10' loaded for size
(Font)              <6> on input line 17.
LaTeX Font Info:    Trying to load font information for U+stmry on input line 17.
 (C:\Users\Maxime Muller\AppData\Local\Programs\MiKTeX\tex/latex/stmaryrd\ustmry.fd)

LaTeX Font Warning: Font shape `U/stmry/b/n' undefined
(Font)              using `U/stmry/m/n' instead on input line 17.

LaTeX Font Info:    Trying to load font information for U+msa on input line 17.
(C:\Users\Maxime Muller\AppData\Local\Programs\MiKTeX\tex/latex/amsfonts\umsa.fd
File: umsa.fd 2013/01/14 v3.01 AMS symbols A
)
LaTeX Font Info:    Trying to load font information for U+msb on input line 17.
 (C:\Users\Maxime Muller\AppData\Local\Programs\MiKTeX\tex/latex/amsfonts\umsb.fd
File: umsb.fd 2013/01/14 v3.01 AMS symbols B
)
LaTeX Font Info:    Trying to load font information for U+rsfs on input line 17.
 (C:\Users\Maxime Muller\AppData\Local\Programs\MiKTeX\tex/latex/jknappen\ursfs.fd
File: ursfs.fd 1998/03/24 rsfs font definition file (jk)
) [1

{C:/Users/Maxime Muller/AppData/Local/MiKTeX/fonts/map/pdftex/pdftex.map}{C:/Users/Maxime Muller/AppData/Local/Programs/MiKTeX/fonts/enc/dvips/lm/lm-ec.enc}]
pdfTeX warning (ext4): destination with the same identifier (name{page.1}) has been already used, duplicate ignored
<to be read again> 
                   \relax 
l.20 \end{abstract}
                    [1]
Package marginnote Info: Using workaround for absolute page number on input line 20.
 (c:\Users\Maxime Muller\Documents\Latex\Phytheme\Electricite\aux_files\Electricité.toc
LaTeX Font Info:    External font `lmex10' loaded for size
(Font)              <10> on input line 2.
LaTeX Font Info:    External font `lmex10' loaded for size
(Font)              <7> on input line 2.
LaTeX Font Info:    External font `lmex10' loaded for size
(Font)              <5> on input line 2.
)
\tf@toc=\write5
\openout5 = `Electricité.toc'.

 (Lectures/lec_1.tex
pdfTeX warning (ext4): destination with the same identifier (name{page.1}) has been already used, duplicate ignored
<to be read again> 
                   \relax 
l.1 \chapter
            {Bobine et dipole RL} [1

]
Package marginnote Info: Using workaround for absolute page number on input line 1.

Chapter 1.
Package mdframed Info: mdframed detected package amsthm 
 changed the theorem header of amsthm
(mdframed)              on input line 4.
LaTeX Font Info:    Trying to load font information for T1+lmss on input line 4.
(C:\Users\Maxime Muller\AppData\Local\Programs\MiKTeX\tex/latex/lm\t1lmss.fd
File: t1lmss.fd 2015/05/01 v1.6.1 Font defs for Latin Modern
)
Package hyperref Info: bookmark level for unknown definition defaults to 0 on input line 4.

Underfull \hbox (badness 10000) in paragraph at lines 46--48

 []

[2

{C:/Users/Maxime Muller/AppData/Local/Programs/MiKTeX/fonts/enc/dvips/lm/lm-mathit.enc}{C:/Users/Maxime Muller/AppData/Local/Programs/MiKTeX/fonts/enc/dvips/lm/lm-mathsy.enc}{C:/Users/Maxime Muller/AppData/Local/Programs/MiKTeX/fonts/enc/dvips/lm/lm-rm.enc}] [3{C:/Users/Maxime Muller/AppData/Local/Programs/MiKTeX/fonts/enc/dvips/lm/lm-mathex.enc}]
Package mdframed Info: mdframed detected package amsthm 
 changed the theorem header of amsthm
(mdframed)              on input line 147.
Package hyperref Info: bookmark level for unknown corollary defaults to 0 on input line 147.
Package mdframed Info: mdframed detected package amsthm 
 changed the theorem header of amsthm
(mdframed)              on input line 152.
Package mdframed Info: mdframed detected package amsthm 
 changed the theorem header of amsthm
(mdframed)              on input line 156.
) (Lectures/lec_2.tex [4]
Chapter 2.

Overfull \hbox (10.50397pt too wide) in paragraph at lines 3--3
[]\T1/lmr/bx/n/14.4 Dcharge os-cil-lante d'un con-den-sa-teur dans une bobine idale 
 []

<C:/Users/Maxime Muller/Documents/Latex/Phytheme/Electricite/Figures/SCHEMA1.png, id=146, 603.75563pt x 246.9225pt>
File: C:/Users/Maxime Muller/Documents/Latex/Phytheme/Electricite/Figures/SCHEMA1.png Graphic file (type png)
<use C:/Users/Maxime Muller/Documents/Latex/Phytheme/Electricite/Figures/SCHEMA1.png>
Package pdftex.def Info: C:/Users/Maxime Muller/Documents/Latex/Phytheme/Electricite/Figures/SCHEMA1.png  used on input line 8.
(pdftex.def)             Requested size: 226.48413pt x 92.62584pt.
<C:/Users/Maxime Muller/Documents/Latex/Phytheme/Electricite/Figures/SCHEMA2.png, id=148, 521.69907pt x 160.34906pt>
File: C:/Users/Maxime Muller/Documents/Latex/Phytheme/Electricite/Figures/SCHEMA2.png Graphic file (type png)
<use C:/Users/Maxime Muller/Documents/Latex/Phytheme/Electricite/Figures/SCHEMA2.png>
Package pdftex.def Info: C:/Users/Maxime Muller/Documents/Latex/Phytheme/Electricite/Figures/SCHEMA2.png  used on input line 18.
(pdftex.def)             Requested size: 226.48413pt x 69.6118pt.

Underfull \hbox (badness 10000) in paragraph at lines 33--35

 []

[5

 <C:/Users/Maxime Muller/Documents/Latex/Phytheme/Electricite/Figures/SCHEMA1.png> <C:/Users/Maxime Muller/Documents/Latex/Phytheme/Electricite/Figures/SCHEMA2.png>]
Package mdframed Info: mdframed detected package amsthm 
 changed the theorem header of amsthm
(mdframed)              on input line 43.
Package hyperref Info: bookmark level for unknown theorem defaults to 0 on input line 43.

Underfull \hbox (badness 10000) in paragraph at lines 47--49

 []


Underfull \hbox (badness 10000) in paragraph at lines 51--54

 []

LaTeX Font Info:    Trying to load font information for TS1+lmr on input line 54.
(C:\Users\Maxime Muller\AppData\Local\Programs\MiKTeX\tex/latex/lm\ts1lmr.fd
File: ts1lmr.fd 2015/05/01 v1.6.1 Font defs for Latin Modern
)
Underfull \hbox (badness 10000) in paragraph at lines 54--56

 []


Underfull \hbox (badness 10000) in paragraph at lines 66--68

 []

Package mdframed Info: Not enough space on this page on input line 81.

Underfull \hbox (badness 10000) in paragraph at lines 86--88

 []


Underfull \hbox (badness 10000) in paragraph at lines 96--97

 []

[6{C:/Users/Maxime Muller/AppData/Local/Programs/MiKTeX/fonts/enc/dvips/lm/lm-ts1.enc}]
Underfull \hbox (badness 10000) in paragraph at lines 110--111

 []

<C:/Users/Maxime Muller/Documents/Latex/Phytheme/Electricite/Figures/SCHEMA3.png, id=167, 647.41875pt x 196.48407pt>
File: C:/Users/Maxime Muller/Documents/Latex/Phytheme/Electricite/Figures/SCHEMA3.png Graphic file (type png)
<use C:/Users/Maxime Muller/Documents/Latex/Phytheme/Electricite/Figures/SCHEMA3.png>
Package pdftex.def Info: C:/Users/Maxime Muller/Documents/Latex/Phytheme/Electricite/Figures/SCHEMA3.png  used on input line 123.
(pdftex.def)             Requested size: 452.96826pt x 137.47194pt.

Underfull \hbox (badness 10000) in paragraph at lines 129--130

 []

<C:/Users/Maxime Muller/Documents/Latex/Phytheme/Electricite/Figures/SCHEMA4.png, id=168, 634.62094pt x 190.46156pt>
File: C:/Users/Maxime Muller/Documents/Latex/Phytheme/Electricite/Figures/SCHEMA4.png Graphic file (type png)
<use C:/Users/Maxime Muller/Documents/Latex/Phytheme/Electricite/Figures/SCHEMA4.png>
Package pdftex.def Info: C:/Users/Maxime Muller/Documents/Latex/Phytheme/Electricite/Figures/SCHEMA4.png  used on input line 140.
(pdftex.def)             Requested size: 452.96826pt x 135.94937pt.

Underfull \hbox (badness 10000) in paragraph at lines 150--151

 []

[7 <C:/Users/Maxime Muller/Documents/Latex/Phytheme/Electricite/Figures/SCHEMA3.png>]
Package mdframed Info: mdframed detected package amsthm 
 changed the theorem header of amsthm
(mdframed)              on input line 162.
Package hyperref Info: bookmark level for unknown remark defaults to 0 on input line 162.

Underfull \hbox (badness 10000) in paragraph at lines 163--164

 []

<C:/Users/Maxime Muller/Documents/Latex/Phytheme/Electricite/Figures/SCHEMA5.png, id=175, 507.39563pt x 84.315pt>
File: C:/Users/Maxime Muller/Documents/Latex/Phytheme/Electricite/Figures/SCHEMA5.png Graphic file (type png)
<use C:/Users/Maxime Muller/Documents/Latex/Phytheme/Electricite/Figures/SCHEMA5.png>
Package pdftex.def Info: C:/Users/Maxime Muller/Documents/Latex/Phytheme/Electricite/Figures/SCHEMA5.png  used on input line 171.
(pdftex.def)             Requested size: 226.48413pt x 37.6352pt.
<C:/Users/Maxime Muller/Documents/Latex/Phytheme/Electricite/Figures/SCHEMA6.png, id=176, 585.68813pt x 202.50656pt>
File: C:/Users/Maxime Muller/Documents/Latex/Phytheme/Electricite/Figures/SCHEMA6.png Graphic file (type png)
<use C:/Users/Maxime Muller/Documents/Latex/Phytheme/Electricite/Figures/SCHEMA6.png>
Package pdftex.def Info: C:/Users/Maxime Muller/Documents/Latex/Phytheme/Electricite/Figures/SCHEMA6.png  used on input line 181.
(pdftex.def)             Requested size: 226.48413pt x 78.30978pt.
<C:/Users/Maxime Muller/Documents/Latex/Phytheme/Electricite/Figures/SCHEMA7.png, id=177, 367.3725pt x 172.39406pt>
File: C:/Users/Maxime Muller/Documents/Latex/Phytheme/Electricite/Figures/SCHEMA7.png Graphic file (type png)
<use C:/Users/Maxime Muller/Documents/Latex/Phytheme/Electricite/Figures/SCHEMA7.png>
Package pdftex.def Info: C:/Users/Maxime Muller/Documents/Latex/Phytheme/Electricite/Figures/SCHEMA7.png  used on input line 195.
(pdftex.def)             Requested size: 226.48413pt x 106.28345pt.
[8 <C:/Users/Maxime Muller/Documents/Latex/Phytheme/Electricite/Figures/SCHEMA4.png> <C:/Users/Maxime Muller/Documents/Latex/Phytheme/Electricite/Figures/SCHEMA5.png>]
Package mdframed Info: mdframed detected package amsthm 
 changed the theorem header of amsthm
(mdframed)              on input line 210.
Package hyperref Info: bookmark level for unknown notation defaults to 0 on input line 210.
Package mdframed Info: mdframed detected package amsthm 
 changed the theorem header of amsthm
(mdframed)              on input line 222.
Package mdframed Info: mdframed detected package amsthm 
 changed the theorem header of amsthm
(mdframed)              on input line 235.
 [9 <C:/Users/Maxime Muller/Documents/Latex/Phytheme/Electricite/Figures/SCHEMA6.png> <C:/Users/Maxime Muller/Documents/Latex/Phytheme/Electricite/Figures/SCHEMA7.png>]
<C:/Users/Maxime Muller/Documents/Latex/Phytheme/Electricite/Figures/SCHEMA8.png, id=200, 614.295pt x 201.75375pt>
File: C:/Users/Maxime Muller/Documents/Latex/Phytheme/Electricite/Figures/SCHEMA8.png Graphic file (type png)
<use C:/Users/Maxime Muller/Documents/Latex/Phytheme/Electricite/Figures/SCHEMA8.png>
Package pdftex.def Info: C:/Users/Maxime Muller/Documents/Latex/Phytheme/Electricite/Figures/SCHEMA8.png  used on input line 270.
(pdftex.def)             Requested size: 362.37598pt x 119.0152pt.
Package mdframed Info: mdframed detected package amsthm 
 changed the theorem header of amsthm
(mdframed)              on input line 283.


Package mdframed Warning: You got a bad break
(mdframed)                because the last box will be empty
(mdframed)                you have to change it manually
(mdframed)                by changing the text, the space
(mdframed)                or something else on input line 289.

[10 <C:/Users/Maxime Muller/Documents/Latex/Phytheme/Electricite/Figures/SCHEMA8.png>]
Package mdframed Info: mdframed detected package amsthm 
 changed the theorem header of amsthm
(mdframed)              on input line 291.
Package mdframed Info: mdframed detected package amsthm 
 changed the theorem header of amsthm
(mdframed)              on input line 300.
Package hyperref Info: bookmark level for unknown tmpexplanation defaults to 0 on input line 300.
) (Lectures/lec_3.tex [11]
Chapter 3.
Package mdframed Info: mdframed detected package amsthm 
 changed the theorem header of amsthm
(mdframed)              on input line 4.
Package mdframed Info: mdframed detected package amsthm 
 changed the theorem header of amsthm
(mdframed)              on input line 12.
Package mdframed Info: mdframed detected package amsthm 
 changed the theorem header of amsthm
(mdframed)              on input line 23.
Package mdframed Info: mdframed detected package amsthm 
 changed the theorem header of amsthm
(mdframed)              on input line 29.
Package mdframed Info: mdframed inside a box 
 mdframed uses option nobreak mdframed on input line 42.
[12

]
Package mdframed Info: mdframed detected package amsthm 
 changed the theorem header of amsthm
(mdframed)              on input line 45.
Package hyperref Info: bookmark level for unknown lemma defaults to 0 on input line 45.
Package mdframed Info: mdframed detected package amsthm 
 changed the theorem header of amsthm
(mdframed)              on input line 59.
Package mdframed Info: mdframed detected package amsthm 
 changed the theorem header of amsthm
(mdframed)              on input line 72.
Package mdframed Info: mdframed detected package amsthm 
 changed the theorem header of amsthm
(mdframed)              on input line 80.
 [13]
Package mdframed Info: mdframed detected package amsthm 
 changed the theorem header of amsthm
(mdframed)              on input line 93.
Package mdframed Info: mdframed detected package amsthm 
 changed the theorem header of amsthm
(mdframed)              on input line 100.
Package hyperref Info: bookmark level for unknown eg defaults to 0 on input line 100.
Package mdframed Info: mdframed detected package amsthm 
 changed the theorem header of amsthm
(mdframed)              on input line 114.
Package mdframed Info: mdframed inside a box 
 mdframed uses option nobreak mdframed on input line 122.
Package mdframed Info: mdframed detected package amsthm 
 changed the theorem header of amsthm
(mdframed)              on input line 138.
Package mdframed Info: mdframed detected package amsthm 
 changed the theorem header of amsthm
(mdframed)              on input line 145.
<C:/Users/Maxime Muller/Documents/Latex/Phytheme/Electricite/Figures/SCHEMA9.png, id=241, 629.35126pt x 89.58469pt>
File: C:/Users/Maxime Muller/Documents/Latex/Phytheme/Electricite/Figures/SCHEMA9.png Graphic file (type png)
<use C:/Users/Maxime Muller/Documents/Latex/Phytheme/Electricite/Figures/SCHEMA9.png>
Package pdftex.def Info: C:/Users/Maxime Muller/Documents/Latex/Phytheme/Electricite/Figures/SCHEMA9.png  used on input line 150.
(pdftex.def)             Requested size: 226.48413pt x 32.23814pt.
<C:/Users/Maxime Muller/Documents/Latex/Phytheme/Electricite/Figures/SCHEMA10.png, id=242, 462.22687pt x 216.05719pt>
File: C:/Users/Maxime Muller/Documents/Latex/Phytheme/Electricite/Figures/SCHEMA10.png Graphic file (type png)
<use C:/Users/Maxime Muller/Documents/Latex/Phytheme/Electricite/Figures/SCHEMA10.png>
Package pdftex.def Info: C:/Users/Maxime Muller/Documents/Latex/Phytheme/Electricite/Figures/SCHEMA10.png  used on input line 158.
(pdftex.def)             Requested size: 226.48413pt x 105.86563pt.
 [14]
Package mdframed Info: mdframed detected package amsthm 
 changed the theorem header of amsthm
(mdframed)              on input line 163.
<C:/Users/Maxime Muller/Documents/Latex/Phytheme/Electricite/Figures/SCHEMA11.png, id=254, 429.85594pt x 166.37157pt>
File: C:/Users/Maxime Muller/Documents/Latex/Phytheme/Electricite/Figures/SCHEMA11.png Graphic file (type png)
<use C:/Users/Maxime Muller/Documents/Latex/Phytheme/Electricite/Figures/SCHEMA11.png>
Package pdftex.def Info: C:/Users/Maxime Muller/Documents/Latex/Phytheme/Electricite/Figures/SCHEMA11.png  used on input line 172.
(pdftex.def)             Requested size: 226.48413pt x 87.65862pt.
 [15 <C:/Users/Maxime Muller/Documents/Latex/Phytheme/Electricite/Figures/SCHEMA9.png> <C:/Users/Maxime Muller/Documents/Latex/Phytheme/Electricite/Figures/SCHEMA10.png> <C:/Users/Maxime Muller/Documents/Latex/Phytheme/Electricite/Figures/SCHEMA11.png>]) (Lectures/lec_4.tex
Package mdframed Info: mdframed detected package amsthm 
 changed the theorem header of amsthm
(mdframed)              on input line 10.
Package mdframed Info: mdframed detected package amsthm 
 changed the theorem header of amsthm
(mdframed)              on input line 21.
Package mdframed Info: mdframed detected package amsthm 
 changed the theorem header of amsthm
(mdframed)              on input line 26.
 [16]
Package mdframed Info: mdframed detected package amsthm 
 changed the theorem header of amsthm
(mdframed)              on input line 50.
<C:/Users/Maxime Muller/Documents/Latex/Phytheme/Electricite/Figures/SCHEMA12.png, id=277, 588.69937pt x 321.45094pt>
File: C:/Users/Maxime Muller/Documents/Latex/Phytheme/Electricite/Figures/SCHEMA12.png Graphic file (type png)
<use C:/Users/Maxime Muller/Documents/Latex/Phytheme/Electricite/Figures/SCHEMA12.png>
Package pdftex.def Info: C:/Users/Maxime Muller/Documents/Latex/Phytheme/Electricite/Figures/SCHEMA12.png  used on input line 67.
(pdftex.def)             Requested size: 452.96826pt x 247.3365pt.
 [17 <C:/Users/Maxime Muller/Documents/Latex/Phytheme/Electricite/Figures/SCHEMA12.png>]
Package mdframed Info: mdframed detected package amsthm 
 changed the theorem header of amsthm
(mdframed)              on input line 83.
Package mdframed Info: mdframed detected package amsthm 
 changed the theorem header of amsthm
(mdframed)              on input line 100.
<C:/Users/Maxime Muller/Documents/Latex/Phytheme/Electricite/Figures/SCHEMA13.png, id=287, 464.4853pt x 150.5625pt>
File: C:/Users/Maxime Muller/Documents/Latex/Phytheme/Electricite/Figures/SCHEMA13.png Graphic file (type png)
<use C:/Users/Maxime Muller/Documents/Latex/Phytheme/Electricite/Figures/SCHEMA13.png>
Package pdftex.def Info: C:/Users/Maxime Muller/Documents/Latex/Phytheme/Electricite/Figures/SCHEMA13.png  used on input line 110.
(pdftex.def)             Requested size: 226.48413pt x 73.41557pt.
<C:/Users/Maxime Muller/Documents/Latex/Phytheme/Electricite/Figures/SCHEMA14.png, id=288, 454.69875pt x 156.585pt>
File: C:/Users/Maxime Muller/Documents/Latex/Phytheme/Electricite/Figures/SCHEMA14.png Graphic file (type png)
<use C:/Users/Maxime Muller/Documents/Latex/Phytheme/Electricite/Figures/SCHEMA14.png>
Package pdftex.def Info: C:/Users/Maxime Muller/Documents/Latex/Phytheme/Electricite/Figures/SCHEMA14.png  used on input line 117.
(pdftex.def)             Requested size: 226.48413pt x 77.99603pt.
 [18 <C:/Users/Maxime Muller/Documents/Latex/Phytheme/Electricite/Figures/SCHEMA13.png>]
Package mdframed Info: mdframed detected package amsthm 
 changed the theorem header of amsthm
(mdframed)              on input line 144.
) (Lectures/lec_5.tex [19 <C:/Users/Maxime Muller/Documents/Latex/Phytheme/Electricite/Figures/SCHEMA14.png>]
Chapter 4.
Package mdframed Info: mdframed detected package amsthm 
 changed the theorem header of amsthm
(mdframed)              on input line 4.
Package mdframed Info: mdframed detected package amsthm 
 changed the theorem header of amsthm
(mdframed)              on input line 13.
Package mdframed Info: mdframed detected package amsthm 
 changed the theorem header of amsthm
(mdframed)              on input line 24.
[20

]
Package mdframed Info: mdframed detected package amsthm 
 changed the theorem header of amsthm
(mdframed)              on input line 75.
 [21]) (Lectures/lec_6.tex [22]) [23] (c:\Users\Maxime Muller\Documents\Latex\Phytheme\Electricite\aux_files\Electricité.aux)
 ***********
LaTeX2e <2023-11-01> patch level 1
L3 programming layer <2024-01-04>
 ***********


LaTeX Font Warning: Some font shapes were not available, defaults substituted.

Package rerunfilecheck Info: File `Electricité.out' has not changed.
(rerunfilecheck)             Checksum: DE32F3A603738D7B0A9E2DE22E4B51F5;2689.
 ) 
Here is how much of TeX's memory you used:
 47639 strings out of 474486
 1116116 string characters out of 5739943
 1958542 words of memory out of 5000000
 68886 multiletter control sequences out of 15000+600000
 635758 words of font info for 114 fonts, out of 8000000 for 9000
 1141 hyphenation exceptions out of 8191
 108i,14n,107p,1335b,2268s stack positions out of 10000i,1000n,20000p,200000b,200000s
<C:/Users/Maxime Muller/AppData/Local/Programs/MiKTeX/fonts/type1/public/lm/lmbx10.pfb><C:/Users/Maxime Muller/AppData/Local/Programs/MiKTeX/fonts/type1/public/lm/lmbx12.pfb><C:/Users/Maxime Muller/AppData/Local/Programs/MiKTeX/fonts/type1/public/lm/lmex10.pfb><C:/Users/Maxime Muller/AppData/Local/Programs/MiKTeX/fonts/type1/public/lm/lmmi10.pfb><C:/Users/Maxime Muller/AppData/Local/Programs/MiKTeX/fonts/type1/public/lm/lmmi5.pfb><C:/Users/Maxime Muller/AppData/Local/Programs/MiKTeX/fonts/type1/public/lm/lmmi7.pfb><C:/Users/Maxime Muller/AppData/Local/Programs/MiKTeX/fonts/type1/public/lm/lmr10.pfb><C:/Users/Maxime Muller/AppData/Local/Programs/MiKTeX/fonts/type1/public/lm/lmr12.pfb><C:/Users/Maxime Muller/AppData/Local/Programs/MiKTeX/fonts/type1/public/lm/lmr17.pfb><C:/Users/Maxime Muller/AppData/Local/Programs/MiKTeX/fonts/type1/public/lm/lmr5.pfb><C:/Users/Maxime Muller/AppData/Local/Programs/MiKTeX/fonts/type1/public/lm/lmr7.pfb><C:/Users/Maxime Muller/AppData/Local/Programs/MiKTeX/fonts/type1/public/lm/lmss10.pfb><C:/Users/Maxime Muller/AppData/Local/Programs/MiKTeX/fonts/type1/public/lm/lmssbx10.pfb><C:/Users/Maxime Muller/AppData/Local/Programs/MiKTeX/fonts/type1/public/lm/lmsy10.pfb><C:/Users/Maxime Muller/AppData/Local/Programs/MiKTeX/fonts/type1/public/lm/lmsy5.pfb><C:/Users/Maxime Muller/AppData/Local/Programs/MiKTeX/fonts/type1/public/lm/lmsy7.pfb><C:/Users/Maxime Muller/AppData/Local/Programs/MiKTeX/fonts/type1/public/amsfonts/symbols/msam10.pfb><C:/Users/Maxime Muller/AppData/Local/Programs/MiKTeX/fonts/type1/public/amsfonts/symbols/msbm10.pfb>
Output written on "c:\Users\Maxime Muller\Documents\Latex\Phytheme\Electricite\aux_files\Electricité.pdf" (25 pages, 627288 bytes).
PDF statistics:
 462 PDF objects out of 1000 (max. 8388607)
 149 named destinations out of 1000 (max. 500000)
 195 words of extra memory for PDF output out of 10000 (max. 10000000)

